Instruction at 0x401240 in routine: _start | nop edx, edi | Category: WIDENOP
Instruction at 0x401244 in routine: _start | xor ebp, ebp | Category: LOGICAL
Instruction at 0x401246 in routine: _start | mov r9, rdx | Category: DATAXFER
Instruction at 0x401249 in routine: _start | pop rsi | Category: POP
Instruction at 0x40124a in routine: _start | mov rdx, rsp | Category: DATAXFER
Instruction at 0x40124d in routine: _start | and rsp, 0xfffffffffffffff0 | Category: LOGICAL
Instruction at 0x401251 in routine: _start | push rax | Category: PUSH
Instruction at 0x401252 in routine: _start | push rsp | Category: PUSH
Instruction at 0x401253 in routine: _start | xor r8d, r8d | Category: LOGICAL
Instruction at 0x401256 in routine: _start | xor ecx, ecx | Category: LOGICAL
Instruction at 0x401258 in routine: _start | mov rdi, 0x402183 | Category: DATAXFER
Instruction at 0x40125f in routine: _start | call qword ptr [rip+0x3d7b] | Category: CALL
Instruction at 0x401320 in routine: frame_dummy | nop edx, edi | Category: WIDENOP
Instruction at 0x401324 in routine: frame_dummy | jmp 0x4012b0 | Category: UNCOND_BR
Instruction at 0x4012b0 in routine: register_tm_clones | lea rdi, ptr [rip+0x3e71] | Category: MISC
Instruction at 0x4012b7 in routine: register_tm_clones | lea rsi, ptr [rip+0x3e6a] | Category: MISC
Instruction at 0x4012be in routine: register_tm_clones | sub rsi, rdi | Category: BINARY
Instruction at 0x4012c1 in routine: register_tm_clones | mov rax, rsi | Category: DATAXFER
Instruction at 0x4012c4 in routine: register_tm_clones | shr rsi, 0x3f | Category: SHIFT
Instruction at 0x4012c8 in routine: register_tm_clones | sar rax, 0x3 | Category: SHIFT
Instruction at 0x4012cc in routine: register_tm_clones | add rsi, rax | Category: BINARY
Instruction at 0x4012cf in routine: register_tm_clones | sar rsi, 0x1 | Category: SHIFT
Instruction at 0x4012d2 in routine: register_tm_clones | jz 0x4012e8 | Category: COND_BR
Instruction at 0x4012d4 in routine: register_tm_clones | mov rax, qword ptr [rip+0x3d1d] | Category: DATAXFER
Instruction at 0x4012db in routine: register_tm_clones | test rax, rax | Category: LOGICAL
Instruction at 0x4012de in routine: register_tm_clones | jz 0x4012e8 | Category: COND_BR
Instruction at 0x4012e0 in routine: register_tm_clones | jmp rax | Category: UNCOND_BR
Instruction at 0x4012e8 in routine: register_tm_clones | ret  | Category: RET
Instruction at 0x402183 in routine: main | push rbp | Category: PUSH
Instruction at 0x402184 in routine: main | mov rbp, rsp | Category: DATAXFER
Instruction at 0x402187 in routine: main | mov esi, 0x4039c1 | Category: DATAXFER
Instruction at 0x40218c in routine: main | mov edi, 0x4039c3 | Category: DATAXFER
Instruction at 0x402191 in routine: main | call 0x4011b0 | Category: CALL
Instruction at 0x402196 in routine: main | mov qword ptr [rip+0x2f93], rax | Category: DATAXFER
Instruction at 0x40219d in routine: main | mov rax, qword ptr [rip+0x2f8c] | Category: DATAXFER
Instruction at 0x4021a4 in routine: main | test rax, rax | Category: LOGICAL
Instruction at 0x4021a7 in routine: main | jnz 0x4021ba | Category: COND_BR
Instruction at 0x4021a9 in routine: main | mov edi, 0x4039db | Category: DATAXFER
Instruction at 0x4021ae in routine: main | call 0x4011c0 | Category: CALL
Instruction at 0x4021ba in routine: main | mov edi, 0x4039f8 | Category: DATAXFER
Instruction at 0x4021bf in routine: main | call 0x401040 | Category: CALL
Instruction at 0x4021c4 in routine: main | mov eax, 0x0 | Category: DATAXFER
Instruction at 0x4021c9 in routine: main | call 0x401963 | Category: CALL
Instruction at 0x401963 in routine: test_floating_point_operations | push rbp | Category: PUSH
Instruction at 0x401964 in routine: test_floating_point_operations | mov rbp, rsp | Category: DATAXFER
Instruction at 0x401967 in routine: test_floating_point_operations | sub rsp, 0x20 | Category: BINARY
Instruction at 0x40196b in routine: test_floating_point_operations | movss xmm0, dword ptr [rip+0x20f9] | Category: DATAXFER
Instruction at 0x401973 in routine: test_floating_point_operations | movss dword ptr [rbp-0x4], xmm0 | Category: DATAXFER
Instruction at 0x401978 in routine: test_floating_point_operations | movss xmm0, dword ptr [rip+0x20f0] | Category: DATAXFER
Instruction at 0x401980 in routine: test_floating_point_operations | movss dword ptr [rbp-0x8], xmm0 | Category: DATAXFER
Instruction at 0x401985 in routine: test_floating_point_operations | movsd xmm0, qword ptr [rip+0x20eb] | Category: DATAXFER
Instruction at 0x40198d in routine: test_floating_point_operations | movsd qword ptr [rbp-0x10], xmm0 | Category: DATAXFER
Instruction at 0x401992 in routine: test_floating_point_operations | movsd xmm0, qword ptr [rip+0x20e6] | Category: DATAXFER
Instruction at 0x40199a in routine: test_floating_point_operations | movsd qword ptr [rbp-0x18], xmm0 | Category: DATAXFER
Instruction at 0x40199f in routine: test_floating_point_operations | movss xmm0, dword ptr [rbp-0x4] | Category: DATAXFER
Instruction at 0x4019a4 in routine: test_floating_point_operations | addss xmm0, dword ptr [rbp-0x8] | Category: SSE
Instruction at 0x4019a9 in routine: test_floating_point_operations | pxor xmm1, xmm1 | Category: LOGICAL
Instruction at 0x4019ad in routine: test_floating_point_operations | cvtss2sd xmm1, xmm0 | Category: CONVERT
Instruction at 0x4019b1 in routine: test_floating_point_operations | pxor xmm0, xmm0 | Category: LOGICAL
Instruction at 0x4019b5 in routine: test_floating_point_operations | cvtss2sd xmm0, dword ptr [rbp-0x8] | Category: CONVERT
Instruction at 0x4019ba in routine: test_floating_point_operations | pxor xmm3, xmm3 | Category: LOGICAL
Instruction at 0x4019be in routine: test_floating_point_operations | cvtss2sd xmm3, dword ptr [rbp-0x4] | Category: CONVERT
Instruction at 0x4019c3 in routine: test_floating_point_operations | movq rax, xmm3 | Category: DATAXFER
Instruction at 0x4019c8 in routine: test_floating_point_operations | movapd xmm2, xmm1 | Category: DATAXFER
Instruction at 0x4019cc in routine: test_floating_point_operations | movapd xmm1, xmm0 | Category: DATAXFER
Instruction at 0x4019d0 in routine: test_floating_point_operations | movq xmm0, rax | Category: DATAXFER
Instruction at 0x4019d5 in routine: test_floating_point_operations | mov edi, 0x403520 | Category: DATAXFER
Instruction at 0x4019da in routine: test_floating_point_operations | mov eax, 0x3 | Category: DATAXFER
Instruction at 0x4019df in routine: test_floating_point_operations | call 0x4010a0 | Category: CALL
Instruction at 0x4019e4 in routine: test_floating_point_operations | movsd xmm0, qword ptr [rbp-0x10] | Category: DATAXFER
Instruction at 0x4019e9 in routine: test_floating_point_operations | movapd xmm1, xmm0 | Category: DATAXFER
Instruction at 0x4019ed in routine: test_floating_point_operations | addsd xmm1, qword ptr [rbp-0x18] | Category: SSE
Instruction at 0x4019f2 in routine: test_floating_point_operations | movsd xmm0, qword ptr [rbp-0x18] | Category: DATAXFER
Instruction at 0x4019f7 in routine: test_floating_point_operations | mov rax, qword ptr [rbp-0x10] | Category: DATAXFER
Instruction at 0x4019fb in routine: test_floating_point_operations | movapd xmm2, xmm1 | Category: DATAXFER
Instruction at 0x4019ff in routine: test_floating_point_operations | movapd xmm1, xmm0 | Category: DATAXFER
Instruction at 0x401a03 in routine: test_floating_point_operations | movq xmm0, rax | Category: DATAXFER
Instruction at 0x401a08 in routine: test_floating_point_operations | mov edi, 0x403540 | Category: DATAXFER
Instruction at 0x401a0d in routine: test_floating_point_operations | mov eax, 0x3 | Category: DATAXFER
Instruction at 0x401a12 in routine: test_floating_point_operations | call 0x4010a0 | Category: CALL
Instruction at 0x401a17 in routine: test_floating_point_operations | movss xmm0, dword ptr [rbp-0x4] | Category: DATAXFER
Instruction at 0x401a1c in routine: test_floating_point_operations | subss xmm0, dword ptr [rbp-0x8] | Category: SSE
Instruction at 0x401a21 in routine: test_floating_point_operations | pxor xmm1, xmm1 | Category: LOGICAL
Instruction at 0x401a25 in routine: test_floating_point_operations | cvtss2sd xmm1, xmm0 | Category: CONVERT
Instruction at 0x401a29 in routine: test_floating_point_operations | pxor xmm0, xmm0 | Category: LOGICAL
Instruction at 0x401a2d in routine: test_floating_point_operations | cvtss2sd xmm0, dword ptr [rbp-0x8] | Category: CONVERT
Instruction at 0x401a32 in routine: test_floating_point_operations | pxor xmm4, xmm4 | Category: LOGICAL
Instruction at 0x401a36 in routine: test_floating_point_operations | cvtss2sd xmm4, dword ptr [rbp-0x4] | Category: CONVERT
Instruction at 0x401a3b in routine: test_floating_point_operations | movq rax, xmm4 | Category: DATAXFER
Instruction at 0x401a40 in routine: test_floating_point_operations | movapd xmm2, xmm1 | Category: DATAXFER
Instruction at 0x401a44 in routine: test_floating_point_operations | movapd xmm1, xmm0 | Category: DATAXFER
Instruction at 0x401a48 in routine: test_floating_point_operations | movq xmm0, rax | Category: DATAXFER
Instruction at 0x401a4d in routine: test_floating_point_operations | mov edi, 0x403568 | Category: DATAXFER
Instruction at 0x401a52 in routine: test_floating_point_operations | mov eax, 0x3 | Category: DATAXFER
Instruction at 0x401a57 in routine: test_floating_point_operations | call 0x4010a0 | Category: CALL
Instruction at 0x401a5c in routine: test_floating_point_operations | movsd xmm0, qword ptr [rbp-0x10] | Category: DATAXFER
Instruction at 0x401a61 in routine: test_floating_point_operations | movapd xmm1, xmm0 | Category: DATAXFER
Instruction at 0x401a65 in routine: test_floating_point_operations | subsd xmm1, qword ptr [rbp-0x18] | Category: SSE
Instruction at 0x401a6a in routine: test_floating_point_operations | movsd xmm0, qword ptr [rbp-0x18] | Category: DATAXFER
Instruction at 0x401a6f in routine: test_floating_point_operations | mov rax, qword ptr [rbp-0x10] | Category: DATAXFER
Instruction at 0x401a73 in routine: test_floating_point_operations | movapd xmm2, xmm1 | Category: DATAXFER
Instruction at 0x401a77 in routine: test_floating_point_operations | movapd xmm1, xmm0 | Category: DATAXFER
Instruction at 0x401a7b in routine: test_floating_point_operations | movq xmm0, rax | Category: DATAXFER
Instruction at 0x401a80 in routine: test_floating_point_operations | mov edi, 0x403588 | Category: DATAXFER
Instruction at 0x401a85 in routine: test_floating_point_operations | mov eax, 0x3 | Category: DATAXFER
Instruction at 0x401a8a in routine: test_floating_point_operations | call 0x4010a0 | Category: CALL
Instruction at 0x401a8f in routine: test_floating_point_operations | movss xmm0, dword ptr [rbp-0x4] | Category: DATAXFER
Instruction at 0x401a94 in routine: test_floating_point_operations | mulss xmm0, dword ptr [rbp-0x8] | Category: SSE
Instruction at 0x401a99 in routine: test_floating_point_operations | pxor xmm1, xmm1 | Category: LOGICAL
Instruction at 0x401a9d in routine: test_floating_point_operations | cvtss2sd xmm1, xmm0 | Category: CONVERT
Instruction at 0x401aa1 in routine: test_floating_point_operations | pxor xmm0, xmm0 | Category: LOGICAL
Instruction at 0x401aa5 in routine: test_floating_point_operations | cvtss2sd xmm0, dword ptr [rbp-0x8] | Category: CONVERT
Instruction at 0x401aaa in routine: test_floating_point_operations | pxor xmm5, xmm5 | Category: LOGICAL
Instruction at 0x401aae in routine: test_floating_point_operations | cvtss2sd xmm5, dword ptr [rbp-0x4] | Category: CONVERT
Instruction at 0x401ab3 in routine: test_floating_point_operations | movq rax, xmm5 | Category: DATAXFER
Instruction at 0x401ab8 in routine: test_floating_point_operations | movapd xmm2, xmm1 | Category: DATAXFER
Instruction at 0x401abc in routine: test_floating_point_operations | movapd xmm1, xmm0 | Category: DATAXFER
Instruction at 0x401ac0 in routine: test_floating_point_operations | movq xmm0, rax | Category: DATAXFER
Instruction at 0x401ac5 in routine: test_floating_point_operations | mov edi, 0x4035b0 | Category: DATAXFER
Instruction at 0x401aca in routine: test_floating_point_operations | mov eax, 0x3 | Category: DATAXFER
Instruction at 0x401acf in routine: test_floating_point_operations | call 0x4010a0 | Category: CALL
Instruction at 0x401ad4 in routine: test_floating_point_operations | movsd xmm0, qword ptr [rbp-0x10] | Category: DATAXFER
Instruction at 0x401ad9 in routine: test_floating_point_operations | movapd xmm1, xmm0 | Category: DATAXFER
Instruction at 0x401add in routine: test_floating_point_operations | mulsd xmm1, qword ptr [rbp-0x18] | Category: SSE
Instruction at 0x401ae2 in routine: test_floating_point_operations | movsd xmm0, qword ptr [rbp-0x18] | Category: DATAXFER
Instruction at 0x401ae7 in routine: test_floating_point_operations | mov rax, qword ptr [rbp-0x10] | Category: DATAXFER
Instruction at 0x401aeb in routine: test_floating_point_operations | movapd xmm2, xmm1 | Category: DATAXFER
Instruction at 0x401aef in routine: test_floating_point_operations | movapd xmm1, xmm0 | Category: DATAXFER
Instruction at 0x401af3 in routine: test_floating_point_operations | movq xmm0, rax | Category: DATAXFER
Instruction at 0x401af8 in routine: test_floating_point_operations | mov edi, 0x4035d0 | Category: DATAXFER
Instruction at 0x401afd in routine: test_floating_point_operations | mov eax, 0x3 | Category: DATAXFER
Instruction at 0x401b02 in routine: test_floating_point_operations | call 0x4010a0 | Category: CALL
Instruction at 0x401b07 in routine: test_floating_point_operations | movss xmm0, dword ptr [rbp-0x4] | Category: DATAXFER
Instruction at 0x401b0c in routine: test_floating_point_operations | divss xmm0, dword ptr [rbp-0x8] | Category: SSE
Instruction at 0x401b11 in routine: test_floating_point_operations | pxor xmm1, xmm1 | Category: LOGICAL
Instruction at 0x401b15 in routine: test_floating_point_operations | cvtss2sd xmm1, xmm0 | Category: CONVERT
Instruction at 0x401b19 in routine: test_floating_point_operations | pxor xmm0, xmm0 | Category: LOGICAL
Instruction at 0x401b1d in routine: test_floating_point_operations | cvtss2sd xmm0, dword ptr [rbp-0x8] | Category: CONVERT
Instruction at 0x401b22 in routine: test_floating_point_operations | pxor xmm6, xmm6 | Category: LOGICAL
Instruction at 0x401b26 in routine: test_floating_point_operations | cvtss2sd xmm6, dword ptr [rbp-0x4] | Category: CONVERT
Instruction at 0x401b2b in routine: test_floating_point_operations | movq rax, xmm6 | Category: DATAXFER
Instruction at 0x401b30 in routine: test_floating_point_operations | movapd xmm2, xmm1 | Category: DATAXFER
Instruction at 0x401b34 in routine: test_floating_point_operations | movapd xmm1, xmm0 | Category: DATAXFER
Instruction at 0x401b38 in routine: test_floating_point_operations | movq xmm0, rax | Category: DATAXFER
Instruction at 0x401b3d in routine: test_floating_point_operations | mov edi, 0x4035f8 | Category: DATAXFER
Instruction at 0x401b42 in routine: test_floating_point_operations | mov eax, 0x3 | Category: DATAXFER
Instruction at 0x401b47 in routine: test_floating_point_operations | call 0x4010a0 | Category: CALL
Instruction at 0x401b4c in routine: test_floating_point_operations | movsd xmm0, qword ptr [rbp-0x10] | Category: DATAXFER
Instruction at 0x401b51 in routine: test_floating_point_operations | movapd xmm1, xmm0 | Category: DATAXFER
Instruction at 0x401b55 in routine: test_floating_point_operations | divsd xmm1, qword ptr [rbp-0x18] | Category: SSE
Instruction at 0x401b5a in routine: test_floating_point_operations | movsd xmm0, qword ptr [rbp-0x18] | Category: DATAXFER
Instruction at 0x401b5f in routine: test_floating_point_operations | mov rax, qword ptr [rbp-0x10] | Category: DATAXFER
Instruction at 0x401b63 in routine: test_floating_point_operations | movapd xmm2, xmm1 | Category: DATAXFER
Instruction at 0x401b67 in routine: test_floating_point_operations | movapd xmm1, xmm0 | Category: DATAXFER
Instruction at 0x401b6b in routine: test_floating_point_operations | movq xmm0, rax | Category: DATAXFER
Instruction at 0x401b70 in routine: test_floating_point_operations | mov edi, 0x403618 | Category: DATAXFER
Instruction at 0x401b75 in routine: test_floating_point_operations | mov eax, 0x3 | Category: DATAXFER
Instruction at 0x401b7a in routine: test_floating_point_operations | call 0x4010a0 | Category: CALL
Instruction at 0x401b7f in routine: test_floating_point_operations | mov eax, dword ptr [rbp-0x4] | Category: DATAXFER
Instruction at 0x401b82 in routine: test_floating_point_operations | movd xmm0, eax | Category: DATAXFER
Instruction at 0x401b86 in routine: test_floating_point_operations | call 0x401160 | Category: CALL
Instruction at 0x401b8b in routine: test_floating_point_operations | cvtss2sd xmm0, xmm0 | Category: CONVERT
Instruction at 0x401b8f in routine: test_floating_point_operations | pxor xmm7, xmm7 | Category: LOGICAL
Instruction at 0x401b93 in routine: test_floating_point_operations | cvtss2sd xmm7, dword ptr [rbp-0x4] | Category: CONVERT
Instruction at 0x401b98 in routine: test_floating_point_operations | movq rax, xmm7 | Category: DATAXFER
Instruction at 0x401b9d in routine: test_floating_point_operations | movapd xmm1, xmm0 | Category: DATAXFER
Instruction at 0x401ba1 in routine: test_floating_point_operations | movq xmm0, rax | Category: DATAXFER
Instruction at 0x401ba6 in routine: test_floating_point_operations | mov edi, 0x403640 | Category: DATAXFER
Instruction at 0x401bab in routine: test_floating_point_operations | mov eax, 0x2 | Category: DATAXFER
Instruction at 0x401bb0 in routine: test_floating_point_operations | call 0x4010a0 | Category: CALL
Instruction at 0x401bb5 in routine: test_floating_point_operations | mov rax, qword ptr [rbp-0x10] | Category: DATAXFER
Instruction at 0x401bb9 in routine: test_floating_point_operations | movq xmm0, rax | Category: DATAXFER
Instruction at 0x401bbe in routine: test_floating_point_operations | call 0x401210 | Category: CALL
Instruction at 0x401bc3 in routine: test_floating_point_operations | movq rdx, xmm0 | Category: DATAXFER
Instruction at 0x401bc8 in routine: test_floating_point_operations | mov rax, qword ptr [rbp-0x10] | Category: DATAXFER
Instruction at 0x401bcc in routine: test_floating_point_operations | movq xmm1, rdx | Category: DATAXFER
Instruction at 0x401bd1 in routine: test_floating_point_operations | movq xmm0, rax | Category: DATAXFER
Instruction at 0x401bd6 in routine: test_floating_point_operations | mov edi, 0x403660 | Category: DATAXFER
Instruction at 0x401bdb in routine: test_floating_point_operations | mov eax, 0x2 | Category: DATAXFER
Instruction at 0x401be0 in routine: test_floating_point_operations | call 0x4010a0 | Category: CALL
Instruction at 0x401be5 in routine: test_floating_point_operations | mov eax, dword ptr [rbp-0x4] | Category: DATAXFER
Instruction at 0x401be8 in routine: test_floating_point_operations | movd xmm0, eax | Category: DATAXFER
Instruction at 0x401bec in routine: test_floating_point_operations | call 0x401050 | Category: CALL
Instruction at 0x401bf1 in routine: test_floating_point_operations | cvtss2sd xmm0, xmm0 | Category: CONVERT
Instruction at 0x401bf5 in routine: test_floating_point_operations | pxor xmm3, xmm3 | Category: LOGICAL
Instruction at 0x401bf9 in routine: test_floating_point_operations | cvtss2sd xmm3, dword ptr [rbp-0x4] | Category: CONVERT
Instruction at 0x401bfe in routine: test_floating_point_operations | movq rax, xmm3 | Category: DATAXFER
Instruction at 0x401c03 in routine: test_floating_point_operations | movapd xmm1, xmm0 | Category: DATAXFER
Instruction at 0x401c07 in routine: test_floating_point_operations | movq xmm0, rax | Category: DATAXFER
Instruction at 0x401c0c in routine: test_floating_point_operations | mov edi, 0x403682 | Category: DATAXFER
Instruction at 0x401c11 in routine: test_floating_point_operations | mov eax, 0x2 | Category: DATAXFER
Instruction at 0x401c16 in routine: test_floating_point_operations | call 0x4010a0 | Category: CALL
Instruction at 0x401c1b in routine: test_floating_point_operations | mov rax, qword ptr [rbp-0x10] | Category: DATAXFER
Instruction at 0x401c1f in routine: test_floating_point_operations | movq xmm0, rax | Category: DATAXFER
Instruction at 0x401c24 in routine: test_floating_point_operations | call 0x401230 | Category: CALL
Instruction at 0x401c29 in routine: test_floating_point_operations | movq rdx, xmm0 | Category: DATAXFER
Instruction at 0x401c2e in routine: test_floating_point_operations | mov rax, qword ptr [rbp-0x10] | Category: DATAXFER
Instruction at 0x401c32 in routine: test_floating_point_operations | movq xmm1, rdx | Category: DATAXFER
Instruction at 0x401c37 in routine: test_floating_point_operations | movq xmm0, rax | Category: DATAXFER
Instruction at 0x401c3c in routine: test_floating_point_operations | mov edi, 0x4036a0 | Category: DATAXFER
Instruction at 0x401c41 in routine: test_floating_point_operations | mov eax, 0x2 | Category: DATAXFER
Instruction at 0x401c46 in routine: test_floating_point_operations | call 0x4010a0 | Category: CALL
Instruction at 0x401c4b in routine: test_floating_point_operations | mov eax, 0x0 | Category: DATAXFER
Instruction at 0x401c50 in routine: test_floating_point_operations | call 0x401326 | Category: CALL
Instruction at 0x401326 in routine: FaultInjectionBegin | push rbp | Category: PUSH
Instruction at 0x401327 in routine: FaultInjectionBegin | mov rbp, rsp | Category: DATAXFER
Instruction at 0x40132a in routine: FaultInjectionBegin | mov rax, qword ptr [rip+0x3dff] | Category: DATAXFER
Instruction at 0x401331 in routine: FaultInjectionBegin | test rax, rax | Category: LOGICAL
Instruction at 0x401334 in routine: FaultInjectionBegin | jz 0x401354 | Category: COND_BR
Instruction at 0x401336 in routine: FaultInjectionBegin | mov rax, qword ptr [rip+0x3df3] | Category: DATAXFER
Instruction at 0x40133d in routine: FaultInjectionBegin | mov rcx, rax | Category: DATAXFER
Instruction at 0x401340 in routine: FaultInjectionBegin | mov edx, 0x20 | Category: DATAXFER
Instruction at 0x401345 in routine: FaultInjectionBegin | mov esi, 0x1 | Category: DATAXFER
Instruction at 0x40134a in routine: FaultInjectionBegin | mov edi, 0x403010 | Category: DATAXFER
Instruction at 0x40134f in routine: FaultInjectionBegin | call 0x401200 | Category: CALL
Instruction at 0x401354 in routine: FaultInjectionBegin | nop | Category: NOP
Instruction at 0x401355 in routine: FaultInjectionBegin | pop rbp | Category: POP
Instruction at 0x401356 in routine: FaultInjectionBegin | ret  | Category: RET
Instruction at 0x401c55 in routine: test_floating_point_operations | mov eax, dword ptr [rbp-0x4] | Category: DATAXFER
Instruction at 0x401c58 in routine: test_floating_point_operations | movd xmm0, eax | Category: DATAXFER
Instruction at 0x401c5c in routine: test_floating_point_operations | call 0x4010f0 | Category: CALL
Instruction at 0x401c61 in routine: test_floating_point_operations | cvtss2sd xmm0, xmm0 | Category: CONVERT
Instruction at 0x401c65 in routine: test_floating_point_operations | pxor xmm4, xmm4 | Category: LOGICAL
Instruction at 0x401c69 in routine: test_floating_point_operations | cvtss2sd xmm4, dword ptr [rbp-0x4] | Category: CONVERT
Instruction at 0x401c6e in routine: test_floating_point_operations | movq rax, xmm4 | Category: DATAXFER
Instruction at 0x401c73 in routine: test_floating_point_operations | movapd xmm1, xmm0 | Category: DATAXFER
Instruction at 0x401c77 in routine: test_floating_point_operations | movq xmm0, rax | Category: DATAXFER
Instruction at 0x401c7c in routine: test_floating_point_operations | mov edi, 0x4036c0 | Category: DATAXFER
Instruction at 0x401c81 in routine: test_floating_point_operations | mov eax, 0x2 | Category: DATAXFER
Instruction at 0x401c86 in routine: test_floating_point_operations | call 0x4010a0 | Category: CALL
Instruction at 0x401c8b in routine: test_floating_point_operations | mov rax, qword ptr [rbp-0x10] | Category: DATAXFER
Instruction at 0x401c8f in routine: test_floating_point_operations | movq xmm0, rax | Category: DATAXFER
Instruction at 0x401c94 in routine: test_floating_point_operations | call 0x4010c0 | Category: CALL
Instruction at 0x401c99 in routine: test_floating_point_operations | movq rdx, xmm0 | Category: DATAXFER
Instruction at 0x401c9e in routine: test_floating_point_operations | mov rax, qword ptr [rbp-0x10] | Category: DATAXFER
Instruction at 0x401ca2 in routine: test_floating_point_operations | movq xmm1, rdx | Category: DATAXFER
Instruction at 0x401ca7 in routine: test_floating_point_operations | movq xmm0, rax | Category: DATAXFER
Instruction at 0x401cac in routine: test_floating_point_operations | mov edi, 0x4036e0 | Category: DATAXFER
Instruction at 0x401cb1 in routine: test_floating_point_operations | mov eax, 0x2 | Category: DATAXFER
Instruction at 0x401cb6 in routine: test_floating_point_operations | call 0x4010a0 | Category: CALL
Instruction at 0x401cbb in routine: test_floating_point_operations | mov eax, dword ptr [rbp-0x4] | Category: DATAXFER
Instruction at 0x401cbe in routine: test_floating_point_operations | movd xmm0, eax | Category: DATAXFER
Instruction at 0x401cc2 in routine: test_floating_point_operations | call 0x4010b0 | Category: CALL
Instruction at 0x401cc7 in routine: test_floating_point_operations | cvtss2sd xmm0, xmm0 | Category: CONVERT
Instruction at 0x401ccb in routine: test_floating_point_operations | pxor xmm5, xmm5 | Category: LOGICAL
Instruction at 0x401ccf in routine: test_floating_point_operations | cvtss2sd xmm5, dword ptr [rbp-0x4] | Category: CONVERT
Instruction at 0x401cd4 in routine: test_floating_point_operations | movq rax, xmm5 | Category: DATAXFER
Instruction at 0x401cd9 in routine: test_floating_point_operations | movapd xmm1, xmm0 | Category: DATAXFER
Instruction at 0x401cdd in routine: test_floating_point_operations | movq xmm0, rax | Category: DATAXFER
Instruction at 0x401ce2 in routine: test_floating_point_operations | mov edi, 0x403700 | Category: DATAXFER
Instruction at 0x401ce7 in routine: test_floating_point_operations | mov eax, 0x2 | Category: DATAXFER
Instruction at 0x401cec in routine: test_floating_point_operations | call 0x4010a0 | Category: CALL
Instruction at 0x401cf1 in routine: test_floating_point_operations | mov rax, qword ptr [rbp-0x10] | Category: DATAXFER
Instruction at 0x401cf5 in routine: test_floating_point_operations | movq xmm0, rax | Category: DATAXFER
Instruction at 0x401cfa in routine: test_floating_point_operations | call 0x4011d0 | Category: CALL
Instruction at 0x401cff in routine: test_floating_point_operations | movq rdx, xmm0 | Category: DATAXFER
Instruction at 0x401d04 in routine: test_floating_point_operations | mov rax, qword ptr [rbp-0x10] | Category: DATAXFER
Instruction at 0x401d08 in routine: test_floating_point_operations | movq xmm1, rdx | Category: DATAXFER
Instruction at 0x401d0d in routine: test_floating_point_operations | movq xmm0, rax | Category: DATAXFER
Instruction at 0x401d12 in routine: test_floating_point_operations | mov edi, 0x403720 | Category: DATAXFER
Instruction at 0x401d17 in routine: test_floating_point_operations | mov eax, 0x2 | Category: DATAXFER
Instruction at 0x401d1c in routine: test_floating_point_operations | call 0x4010a0 | Category: CALL
Instruction at 0x401d21 in routine: test_floating_point_operations | mov eax, dword ptr [rbp-0x4] | Category: DATAXFER
Instruction at 0x401d24 in routine: test_floating_point_operations | movd xmm0, eax | Category: DATAXFER
Instruction at 0x401d28 in routine: test_floating_point_operations | call 0x401030 | Category: CALL
Instruction at 0x401d2d in routine: test_floating_point_operations | cvtss2sd xmm0, xmm0 | Category: CONVERT
Instruction at 0x401d31 in routine: test_floating_point_operations | pxor xmm6, xmm6 | Category: LOGICAL
Instruction at 0x401d35 in routine: test_floating_point_operations | cvtss2sd xmm6, dword ptr [rbp-0x4] | Category: CONVERT
Instruction at 0x401d3a in routine: test_floating_point_operations | movq rax, xmm6 | Category: DATAXFER
Instruction at 0x401d3f in routine: test_floating_point_operations | movapd xmm1, xmm0 | Category: DATAXFER
Instruction at 0x401d43 in routine: test_floating_point_operations | movq xmm0, rax | Category: DATAXFER
Instruction at 0x401d48 in routine: test_floating_point_operations | mov edi, 0x403740 | Category: DATAXFER
Instruction at 0x401d4d in routine: test_floating_point_operations | mov eax, 0x2 | Category: DATAXFER
Instruction at 0x401d52 in routine: test_floating_point_operations | call 0x4010a0 | Category: CALL
Instruction at 0x401d57 in routine: test_floating_point_operations | mov rax, qword ptr [rbp-0x10] | Category: DATAXFER
Instruction at 0x401d5b in routine: test_floating_point_operations | movq xmm0, rax | Category: DATAXFER
Instruction at 0x401d60 in routine: test_floating_point_operations | call 0x4010e0 | Category: CALL
Instruction at 0x401d65 in routine: test_floating_point_operations | movq rdx, xmm0 | Category: DATAXFER
Instruction at 0x401d6a in routine: test_floating_point_operations | mov rax, qword ptr [rbp-0x10] | Category: DATAXFER
Instruction at 0x401d6e in routine: test_floating_point_operations | movq xmm1, rdx | Category: DATAXFER
Instruction at 0x401d73 in routine: test_floating_point_operations | movq xmm0, rax | Category: DATAXFER
Instruction at 0x401d78 in routine: test_floating_point_operations | mov edi, 0x403760 | Category: DATAXFER
Instruction at 0x401d7d in routine: test_floating_point_operations | mov eax, 0x2 | Category: DATAXFER
Instruction at 0x401d82 in routine: test_floating_point_operations | call 0x4010a0 | Category: CALL
Instruction at 0x401d87 in routine: test_floating_point_operations | mov eax, dword ptr [rbp-0x4] | Category: DATAXFER
Instruction at 0x401d8a in routine: test_floating_point_operations | movd xmm0, eax | Category: DATAXFER
Instruction at 0x401d8e in routine: test_floating_point_operations | call 0x401120 | Category: CALL
Instruction at 0x401d93 in routine: test_floating_point_operations | cvtss2sd xmm0, xmm0 | Category: CONVERT
Instruction at 0x401d97 in routine: test_floating_point_operations | pxor xmm7, xmm7 | Category: LOGICAL
Instruction at 0x401d9b in routine: test_floating_point_operations | cvtss2sd xmm7, dword ptr [rbp-0x4] | Category: CONVERT
Instruction at 0x401da0 in routine: test_floating_point_operations | movq rax, xmm7 | Category: DATAXFER
Instruction at 0x401da5 in routine: test_floating_point_operations | movapd xmm1, xmm0 | Category: DATAXFER
Instruction at 0x401da9 in routine: test_floating_point_operations | movq xmm0, rax | Category: DATAXFER
Instruction at 0x401dae in routine: test_floating_point_operations | mov edi, 0x403780 | Category: DATAXFER
Instruction at 0x401db3 in routine: test_floating_point_operations | mov eax, 0x2 | Category: DATAXFER
Instruction at 0x401db8 in routine: test_floating_point_operations | call 0x4010a0 | Category: CALL
Instruction at 0x401dbd in routine: test_floating_point_operations | mov rax, qword ptr [rbp-0x10] | Category: DATAXFER
Instruction at 0x401dc1 in routine: test_floating_point_operations | movq xmm0, rax | Category: DATAXFER
Instruction at 0x401dc6 in routine: test_floating_point_operations | call 0x401180 | Category: CALL
Instruction at 0x401dcb in routine: test_floating_point_operations | movq rdx, xmm0 | Category: DATAXFER
Instruction at 0x401dd0 in routine: test_floating_point_operations | mov rax, qword ptr [rbp-0x10] | Category: DATAXFER
Instruction at 0x401dd4 in routine: test_floating_point_operations | movq xmm1, rdx | Category: DATAXFER
Instruction at 0x401dd9 in routine: test_floating_point_operations | movq xmm0, rax | Category: DATAXFER
Instruction at 0x401dde in routine: test_floating_point_operations | mov edi, 0x4037a0 | Category: DATAXFER
Instruction at 0x401de3 in routine: test_floating_point_operations | mov eax, 0x2 | Category: DATAXFER
Instruction at 0x401de8 in routine: test_floating_point_operations | call 0x4010a0 | Category: CALL
Instruction at 0x401ded in routine: test_floating_point_operations | mov eax, dword ptr [rbp-0x4] | Category: DATAXFER
Instruction at 0x401df0 in routine: test_floating_point_operations | movd xmm0, eax | Category: DATAXFER
Instruction at 0x401df4 in routine: test_floating_point_operations | call 0x401090 | Category: CALL
Instruction at 0x401df9 in routine: test_floating_point_operations | cvtss2sd xmm0, xmm0 | Category: CONVERT
Instruction at 0x401dfd in routine: test_floating_point_operations | pxor xmm3, xmm3 | Category: LOGICAL
Instruction at 0x401e01 in routine: test_floating_point_operations | cvtss2sd xmm3, dword ptr [rbp-0x4] | Category: CONVERT
Instruction at 0x401e06 in routine: test_floating_point_operations | movq rax, xmm3 | Category: DATAXFER
Instruction at 0x401e0b in routine: test_floating_point_operations | movapd xmm1, xmm0 | Category: DATAXFER
Instruction at 0x401e0f in routine: test_floating_point_operations | movq xmm0, rax | Category: DATAXFER
Instruction at 0x401e14 in routine: test_floating_point_operations | mov edi, 0x4037c0 | Category: DATAXFER
Instruction at 0x401e19 in routine: test_floating_point_operations | mov eax, 0x2 | Category: DATAXFER
Instruction at 0x401e1e in routine: test_floating_point_operations | call 0x4010a0 | Category: CALL
Instruction at 0x401e23 in routine: test_floating_point_operations | mov rax, qword ptr [rbp-0x10] | Category: DATAXFER
Instruction at 0x401e27 in routine: test_floating_point_operations | movq xmm0, rax | Category: DATAXFER
Instruction at 0x401e2c in routine: test_floating_point_operations | call 0x401170 | Category: CALL
Instruction at 0x401e31 in routine: test_floating_point_operations | movq rdx, xmm0 | Category: DATAXFER
Instruction at 0x401e36 in routine: test_floating_point_operations | mov rax, qword ptr [rbp-0x10] | Category: DATAXFER
Instruction at 0x401e3a in routine: test_floating_point_operations | movq xmm1, rdx | Category: DATAXFER
Instruction at 0x401e3f in routine: test_floating_point_operations | movq xmm0, rax | Category: DATAXFER
Instruction at 0x401e44 in routine: test_floating_point_operations | mov edi, 0x4037e0 | Category: DATAXFER
Instruction at 0x401e49 in routine: test_floating_point_operations | mov eax, 0x2 | Category: DATAXFER
Instruction at 0x401e4e in routine: test_floating_point_operations | call 0x4010a0 | Category: CALL
Instruction at 0x401e53 in routine: test_floating_point_operations | mov eax, dword ptr [rbp-0x4] | Category: DATAXFER
Instruction at 0x401e56 in routine: test_floating_point_operations | movd xmm0, eax | Category: DATAXFER
Instruction at 0x401e5a in routine: test_floating_point_operations | call 0x401060 | Category: CALL
Instruction at 0x401e5f in routine: test_floating_point_operations | cvtss2sd xmm0, xmm0 | Category: CONVERT
Instruction at 0x401e63 in routine: test_floating_point_operations | pxor xmm4, xmm4 | Category: LOGICAL
Instruction at 0x401e67 in routine: test_floating_point_operations | cvtss2sd xmm4, dword ptr [rbp-0x4] | Category: CONVERT
Instruction at 0x401e6c in routine: test_floating_point_operations | movq rax, xmm4 | Category: DATAXFER
Instruction at 0x401e71 in routine: test_floating_point_operations | movapd xmm1, xmm0 | Category: DATAXFER
Instruction at 0x401e75 in routine: test_floating_point_operations | movq xmm0, rax | Category: DATAXFER
Instruction at 0x401e7a in routine: test_floating_point_operations | mov edi, 0x403808 | Category: DATAXFER
Instruction at 0x401e7f in routine: test_floating_point_operations | mov eax, 0x2 | Category: DATAXFER
Instruction at 0x401e84 in routine: test_floating_point_operations | call 0x4010a0 | Category: CALL
Instruction at 0x401e89 in routine: test_floating_point_operations | mov rax, qword ptr [rbp-0x10] | Category: DATAXFER
Instruction at 0x401e8d in routine: test_floating_point_operations | movq xmm0, rax | Category: DATAXFER
Instruction at 0x401e92 in routine: test_floating_point_operations | call 0x401140 | Category: CALL
Instruction at 0x401e97 in routine: test_floating_point_operations | movq rdx, xmm0 | Category: DATAXFER
Instruction at 0x401e9c in routine: test_floating_point_operations | mov rax, qword ptr [rbp-0x10] | Category: DATAXFER
Instruction at 0x401ea0 in routine: test_floating_point_operations | movq xmm1, rdx | Category: DATAXFER
Instruction at 0x401ea5 in routine: test_floating_point_operations | movq xmm0, rax | Category: DATAXFER
Instruction at 0x401eaa in routine: test_floating_point_operations | mov edi, 0x403828 | Category: DATAXFER
Instruction at 0x401eaf in routine: test_floating_point_operations | mov eax, 0x2 | Category: DATAXFER
Instruction at 0x401eb4 in routine: test_floating_point_operations | call 0x4010a0 | Category: CALL
Instruction at 0x401eb9 in routine: test_floating_point_operations | mov eax, dword ptr [rbp-0x4] | Category: DATAXFER
Instruction at 0x401ebc in routine: test_floating_point_operations | movd xmm0, eax | Category: DATAXFER
Instruction at 0x401ec0 in routine: test_floating_point_operations | call 0x4011a0 | Category: CALL
Instruction at 0x401ec5 in routine: test_floating_point_operations | cvtss2sd xmm0, xmm0 | Category: CONVERT
Instruction at 0x401ec9 in routine: test_floating_point_operations | pxor xmm5, xmm5 | Category: LOGICAL
Instruction at 0x401ecd in routine: test_floating_point_operations | cvtss2sd xmm5, dword ptr [rbp-0x4] | Category: CONVERT
Instruction at 0x401ed2 in routine: test_floating_point_operations | movq rax, xmm5 | Category: DATAXFER
Instruction at 0x401ed7 in routine: test_floating_point_operations | movapd xmm1, xmm0 | Category: DATAXFER
Instruction at 0x401edb in routine: test_floating_point_operations | movq xmm0, rax | Category: DATAXFER
Instruction at 0x401ee0 in routine: test_floating_point_operations | mov edi, 0x403850 | Category: DATAXFER
Instruction at 0x401ee5 in routine: test_floating_point_operations | mov eax, 0x2 | Category: DATAXFER
Instruction at 0x401eea in routine: test_floating_point_operations | call 0x4010a0 | Category: CALL
Instruction at 0x401eef in routine: test_floating_point_operations | mov rax, qword ptr [rbp-0x10] | Category: DATAXFER
Instruction at 0x401ef3 in routine: test_floating_point_operations | movq xmm0, rax | Category: DATAXFER
Instruction at 0x401ef8 in routine: test_floating_point_operations | call 0x4011e0 | Category: CALL
Instruction at 0x401efd in routine: test_floating_point_operations | movq rdx, xmm0 | Category: DATAXFER
Instruction at 0x401f02 in routine: test_floating_point_operations | mov rax, qword ptr [rbp-0x10] | Category: DATAXFER
Instruction at 0x401f06 in routine: test_floating_point_operations | movq xmm1, rdx | Category: DATAXFER
Instruction at 0x401f0b in routine: test_floating_point_operations | movq xmm0, rax | Category: DATAXFER
Instruction at 0x401f10 in routine: test_floating_point_operations | mov edi, 0x403870 | Category: DATAXFER
Instruction at 0x401f15 in routine: test_floating_point_operations | mov eax, 0x2 | Category: DATAXFER
Instruction at 0x401f1a in routine: test_floating_point_operations | call 0x4010a0 | Category: CALL
Instruction at 0x401f1f in routine: test_floating_point_operations | movss xmm0, dword ptr [rbp-0x4] | Category: DATAXFER
Instruction at 0x401f24 in routine: test_floating_point_operations | movss xmm1, dword ptr [rip+0x1b5c] | Category: DATAXFER
Instruction at 0x401f2c in routine: test_floating_point_operations | divss xmm0, xmm1 | Category: SSE
Instruction at 0x401f30 in routine: test_floating_point_operations | movd eax, xmm0 | Category: DATAXFER
Instruction at 0x401f34 in routine: test_floating_point_operations | movd xmm0, eax | Category: DATAXFER
Instruction at 0x401f38 in routine: test_floating_point_operations | call 0x401150 | Category: CALL
Instruction at 0x401f3d in routine: test_floating_point_operations | pxor xmm2, xmm2 | Category: LOGICAL
Instruction at 0x401f41 in routine: test_floating_point_operations | cvtss2sd xmm2, xmm0 | Category: CONVERT
Instruction at 0x401f45 in routine: test_floating_point_operations | movss xmm0, dword ptr [rbp-0x4] | Category: DATAXFER
Instruction at 0x401f4a in routine: test_floating_point_operations | movss xmm1, dword ptr [rip+0x1b36] | Category: DATAXFER
Instruction at 0x401f52 in routine: test_floating_point_operations | divss xmm0, xmm1 | Category: SSE
Instruction at 0x401f56 in routine: test_floating_point_operations | pxor xmm6, xmm6 | Category: LOGICAL
Instruction at 0x401f5a in routine: test_floating_point_operations | cvtss2sd xmm6, xmm0 | Category: CONVERT
Instruction at 0x401f5e in routine: test_floating_point_operations | movq rax, xmm6 | Category: DATAXFER
Instruction at 0x401f63 in routine: test_floating_point_operations | movapd xmm1, xmm2 | Category: DATAXFER
Instruction at 0x401f67 in routine: test_floating_point_operations | movq xmm0, rax | Category: DATAXFER
Instruction at 0x401f6c in routine: test_floating_point_operations | mov edi, 0x403898 | Category: DATAXFER
Instruction at 0x401f71 in routine: test_floating_point_operations | mov eax, 0x2 | Category: DATAXFER
Instruction at 0x401f76 in routine: test_floating_point_operations | call 0x4010a0 | Category: CALL
Instruction at 0x401f7b in routine: test_floating_point_operations | movsd xmm0, qword ptr [rbp-0x10] | Category: DATAXFER
Instruction at 0x401f80 in routine: test_floating_point_operations | movsd xmm1, qword ptr [rip+0x1b08] | Category: DATAXFER
Instruction at 0x401f88 in routine: test_floating_point_operations | divsd xmm0, xmm1 | Category: SSE
Instruction at 0x401f8c in routine: test_floating_point_operations | movq rax, xmm0 | Category: DATAXFER
Instruction at 0x401f91 in routine: test_floating_point_operations | movq xmm0, rax | Category: DATAXFER
Instruction at 0x401f96 in routine: test_floating_point_operations | call 0x4011f0 | Category: CALL
Instruction at 0x401f9b in routine: test_floating_point_operations | movq rdx, xmm0 | Category: DATAXFER
Instruction at 0x401fa0 in routine: test_floating_point_operations | movsd xmm0, qword ptr [rbp-0x10] | Category: DATAXFER
Instruction at 0x401fa5 in routine: test_floating_point_operations | movsd xmm1, qword ptr [rip+0x1ae3] | Category: DATAXFER
Instruction at 0x401fad in routine: test_floating_point_operations | divsd xmm0, xmm1 | Category: SSE
Instruction at 0x401fb1 in routine: test_floating_point_operations | movq rax, xmm0 | Category: DATAXFER
Instruction at 0x401fb6 in routine: test_floating_point_operations | movq xmm1, rdx | Category: DATAXFER
Instruction at 0x401fbb in routine: test_floating_point_operations | movq xmm0, rax | Category: DATAXFER
Instruction at 0x401fc0 in routine: test_floating_point_operations | mov edi, 0x4038b8 | Category: DATAXFER
Instruction at 0x401fc5 in routine: test_floating_point_operations | mov eax, 0x2 | Category: DATAXFER
Instruction at 0x401fca in routine: test_floating_point_operations | call 0x4010a0 | Category: CALL
Instruction at 0x401fcf in routine: test_floating_point_operations | movss xmm0, dword ptr [rbp-0x4] | Category: DATAXFER
Instruction at 0x401fd4 in routine: test_floating_point_operations | movss xmm1, dword ptr [rip+0x1aac] | Category: DATAXFER
Instruction at 0x401fdc in routine: test_floating_point_operations | divss xmm0, xmm1 | Category: SSE
Instruction at 0x401fe0 in routine: test_floating_point_operations | movd eax, xmm0 | Category: DATAXFER
Instruction at 0x401fe4 in routine: test_floating_point_operations | movd xmm0, eax | Category: DATAXFER
Instruction at 0x401fe8 in routine: test_floating_point_operations | call 0x401110 | Category: CALL
Instruction at 0x401fed in routine: test_floating_point_operations | pxor xmm2, xmm2 | Category: LOGICAL
Instruction at 0x401ff1 in routine: test_floating_point_operations | cvtss2sd xmm2, xmm0 | Category: CONVERT
Instruction at 0x401ff5 in routine: test_floating_point_operations | movss xmm0, dword ptr [rbp-0x4] | Category: DATAXFER
Instruction at 0x401ffa in routine: test_floating_point_operations | movss xmm1, dword ptr [rip+0x1a86] | Category: DATAXFER
Instruction at 0x402002 in routine: test_floating_point_operations | divss xmm0, xmm1 | Category: SSE
Instruction at 0x402006 in routine: test_floating_point_operations | pxor xmm7, xmm7 | Category: LOGICAL
Instruction at 0x40200a in routine: test_floating_point_operations | cvtss2sd xmm7, xmm0 | Category: CONVERT
Instruction at 0x40200e in routine: test_floating_point_operations | movq rax, xmm7 | Category: DATAXFER
Instruction at 0x402013 in routine: test_floating_point_operations | movapd xmm1, xmm2 | Category: DATAXFER
Instruction at 0x402017 in routine: test_floating_point_operations | movq xmm0, rax | Category: DATAXFER
Instruction at 0x40201c in routine: test_floating_point_operations | mov edi, 0x4038e0 | Category: DATAXFER
Instruction at 0x402021 in routine: test_floating_point_operations | mov eax, 0x2 | Category: DATAXFER
Instruction at 0x402026 in routine: test_floating_point_operations | call 0x4010a0 | Category: CALL
Instruction at 0x40202b in routine: test_floating_point_operations | movsd xmm0, qword ptr [rbp-0x10] | Category: DATAXFER
Instruction at 0x402030 in routine: test_floating_point_operations | movsd xmm1, qword ptr [rip+0x1a58] | Category: DATAXFER
Instruction at 0x402038 in routine: test_floating_point_operations | divsd xmm0, xmm1 | Category: SSE
Instruction at 0x40203c in routine: test_floating_point_operations | movq rax, xmm0 | Category: DATAXFER
Instruction at 0x402041 in routine: test_floating_point_operations | movq xmm0, rax | Category: DATAXFER
Instruction at 0x402046 in routine: test_floating_point_operations | call 0x401100 | Category: CALL
Instruction at 0x40204b in routine: test_floating_point_operations | movq rdx, xmm0 | Category: DATAXFER
Instruction at 0x402050 in routine: test_floating_point_operations | movsd xmm0, qword ptr [rbp-0x10] | Category: DATAXFER
Instruction at 0x402055 in routine: test_floating_point_operations | movsd xmm1, qword ptr [rip+0x1a33] | Category: DATAXFER
Instruction at 0x40205d in routine: test_floating_point_operations | divsd xmm0, xmm1 | Category: SSE
Instruction at 0x402061 in routine: test_floating_point_operations | movq rax, xmm0 | Category: DATAXFER
Instruction at 0x402066 in routine: test_floating_point_operations | movq xmm1, rdx | Category: DATAXFER
Instruction at 0x40206b in routine: test_floating_point_operations | movq xmm0, rax | Category: DATAXFER
Instruction at 0x402070 in routine: test_floating_point_operations | mov edi, 0x403900 | Category: DATAXFER
Instruction at 0x402075 in routine: test_floating_point_operations | mov eax, 0x2 | Category: DATAXFER
Instruction at 0x40207a in routine: test_floating_point_operations | call 0x4010a0 | Category: CALL
Instruction at 0x40207f in routine: test_floating_point_operations | mov eax, dword ptr [rbp-0x4] | Category: DATAXFER
Instruction at 0x402082 in routine: test_floating_point_operations | movd xmm0, eax | Category: DATAXFER
Instruction at 0x402086 in routine: test_floating_point_operations | call 0x401070 | Category: CALL
Instruction at 0x40208b in routine: test_floating_point_operations | cvtss2sd xmm0, xmm0 | Category: CONVERT
Instruction at 0x40208f in routine: test_floating_point_operations | pxor xmm3, xmm3 | Category: LOGICAL
Instruction at 0x402093 in routine: test_floating_point_operations | cvtss2sd xmm3, dword ptr [rbp-0x4] | Category: CONVERT
Instruction at 0x402098 in routine: test_floating_point_operations | movq rax, xmm3 | Category: DATAXFER
Instruction at 0x40209d in routine: test_floating_point_operations | movapd xmm1, xmm0 | Category: DATAXFER
Instruction at 0x4020a1 in routine: test_floating_point_operations | movq xmm0, rax | Category: DATAXFER
Instruction at 0x4020a6 in routine: test_floating_point_operations | mov edi, 0x403928 | Category: DATAXFER
Instruction at 0x4020ab in routine: test_floating_point_operations | mov eax, 0x2 | Category: DATAXFER
Instruction at 0x4020b0 in routine: test_floating_point_operations | call 0x4010a0 | Category: CALL
Instruction at 0x4020b5 in routine: test_floating_point_operations | mov rax, qword ptr [rbp-0x10] | Category: DATAXFER
Instruction at 0x4020b9 in routine: test_floating_point_operations | movq xmm0, rax | Category: DATAXFER
Instruction at 0x4020be in routine: test_floating_point_operations | call 0x401080 | Category: CALL
Instruction at 0x4020c3 in routine: test_floating_point_operations | movq rdx, xmm0 | Category: DATAXFER
Instruction at 0x4020c8 in routine: test_floating_point_operations | mov rax, qword ptr [rbp-0x10] | Category: DATAXFER
Instruction at 0x4020cc in routine: test_floating_point_operations | movq xmm1, rdx | Category: DATAXFER
Instruction at 0x4020d1 in routine: test_floating_point_operations | movq xmm0, rax | Category: DATAXFER
Instruction at 0x4020d6 in routine: test_floating_point_operations | mov edi, 0x403948 | Category: DATAXFER
Instruction at 0x4020db in routine: test_floating_point_operations | mov eax, 0x2 | Category: DATAXFER
Instruction at 0x4020e0 in routine: test_floating_point_operations | call 0x4010a0 | Category: CALL
Instruction at 0x4020e5 in routine: test_floating_point_operations | movss xmm0, dword ptr [rbp-0x8] | Category: DATAXFER
Instruction at 0x4020ea in routine: test_floating_point_operations | mov eax, dword ptr [rbp-0x4] | Category: DATAXFER
Instruction at 0x4020ed in routine: test_floating_point_operations | movaps xmm1, xmm0 | Category: DATAXFER
Instruction at 0x4020f0 in routine: test_floating_point_operations | movd xmm0, eax | Category: DATAXFER
Instruction at 0x4020f4 in routine: test_floating_point_operations | call 0x401220 | Category: CALL
Instruction at 0x4020f9 in routine: test_floating_point_operations | pxor xmm1, xmm1 | Category: LOGICAL
Instruction at 0x4020fd in routine: test_floating_point_operations | cvtss2sd xmm1, xmm0 | Category: CONVERT
Instruction at 0x402101 in routine: test_floating_point_operations | pxor xmm0, xmm0 | Category: LOGICAL
Instruction at 0x402105 in routine: test_floating_point_operations | cvtss2sd xmm0, dword ptr [rbp-0x8] | Category: CONVERT
Instruction at 0x40210a in routine: test_floating_point_operations | pxor xmm4, xmm4 | Category: LOGICAL
Instruction at 0x40210e in routine: test_floating_point_operations | cvtss2sd xmm4, dword ptr [rbp-0x4] | Category: CONVERT
Instruction at 0x402113 in routine: test_floating_point_operations | movq rax, xmm4 | Category: DATAXFER
Instruction at 0x402118 in routine: test_floating_point_operations | movapd xmm2, xmm1 | Category: DATAXFER
Instruction at 0x40211c in routine: test_floating_point_operations | movapd xmm1, xmm0 | Category: DATAXFER
Instruction at 0x402120 in routine: test_floating_point_operations | movq xmm0, rax | Category: DATAXFER
Instruction at 0x402125 in routine: test_floating_point_operations | mov edi, 0x403970 | Category: DATAXFER
Instruction at 0x40212a in routine: test_floating_point_operations | mov eax, 0x3 | Category: DATAXFER
Instruction at 0x40212f in routine: test_floating_point_operations | call 0x4010a0 | Category: CALL
Instruction at 0x402134 in routine: test_floating_point_operations | mov eax, 0x0 | Category: DATAXFER
Instruction at 0x402139 in routine: test_floating_point_operations | call 0x401357 | Category: CALL
Instruction at 0x401357 in routine: FaultInjectionEnd | push rbp | Category: PUSH
Instruction at 0x401358 in routine: FaultInjectionEnd | mov rbp, rsp | Category: DATAXFER
Instruction at 0x40135b in routine: FaultInjectionEnd | mov rax, qword ptr [rip+0x3dce] | Category: DATAXFER
Instruction at 0x401362 in routine: FaultInjectionEnd | test rax, rax | Category: LOGICAL
Instruction at 0x401365 in routine: FaultInjectionEnd | jz 0x401385 | Category: COND_BR
Instruction at 0x401367 in routine: FaultInjectionEnd | mov rax, qword ptr [rip+0x3dc2] | Category: DATAXFER
Instruction at 0x40136e in routine: FaultInjectionEnd | mov rcx, rax | Category: DATAXFER
Instruction at 0x401371 in routine: FaultInjectionEnd | mov edx, 0x1e | Category: DATAXFER
Instruction at 0x401376 in routine: FaultInjectionEnd | mov esi, 0x1 | Category: DATAXFER
Instruction at 0x40137b in routine: FaultInjectionEnd | mov edi, 0x403038 | Category: DATAXFER
Instruction at 0x401380 in routine: FaultInjectionEnd | call 0x401200 | Category: CALL
Instruction at 0x401385 in routine: FaultInjectionEnd | nop | Category: NOP
Instruction at 0x401386 in routine: FaultInjectionEnd | pop rbp | Category: POP
Instruction at 0x401387 in routine: FaultInjectionEnd | ret  | Category: RET
Instruction at 0x40213e in routine: test_floating_point_operations | movsd xmm0, qword ptr [rbp-0x18] | Category: DATAXFER
Instruction at 0x402143 in routine: test_floating_point_operations | mov rax, qword ptr [rbp-0x10] | Category: DATAXFER
Instruction at 0x402147 in routine: test_floating_point_operations | movapd xmm1, xmm0 | Category: DATAXFER
Instruction at 0x40214b in routine: test_floating_point_operations | movq xmm0, rax | Category: DATAXFER
Instruction at 0x402150 in routine: test_floating_point_operations | call 0x4010d0 | Category: CALL
Instruction at 0x402155 in routine: test_floating_point_operations | movq rdx, xmm0 | Category: DATAXFER
Instruction at 0x40215a in routine: test_floating_point_operations | movsd xmm0, qword ptr [rbp-0x18] | Category: DATAXFER
Instruction at 0x40215f in routine: test_floating_point_operations | mov rax, qword ptr [rbp-0x10] | Category: DATAXFER
Instruction at 0x402163 in routine: test_floating_point_operations | movq xmm2, rdx | Category: DATAXFER
Instruction at 0x402168 in routine: test_floating_point_operations | movapd xmm1, xmm0 | Category: DATAXFER
Instruction at 0x40216c in routine: test_floating_point_operations | movq xmm0, rax | Category: DATAXFER
Instruction at 0x402171 in routine: test_floating_point_operations | mov edi, 0x403998 | Category: DATAXFER
Instruction at 0x402176 in routine: test_floating_point_operations | mov eax, 0x3 | Category: DATAXFER
Instruction at 0x40217b in routine: test_floating_point_operations | call 0x4010a0 | Category: CALL
Instruction at 0x402180 in routine: test_floating_point_operations | nop | Category: NOP
Instruction at 0x402181 in routine: test_floating_point_operations | leave  | Category: MISC
Instruction at 0x402182 in routine: test_floating_point_operations | ret  | Category: RET
Instruction at 0x4021ce in routine: main | mov eax, 0x0 | Category: DATAXFER
Instruction at 0x4021d3 in routine: main | call 0x401388 | Category: CALL
Instruction at 0x401388 in routine: simulate_floating_point_instructions | push rbp | Category: PUSH
Instruction at 0x401389 in routine: simulate_floating_point_instructions | mov rbp, rsp | Category: DATAXFER
Instruction at 0x40138c in routine: simulate_floating_point_instructions | sub rsp, 0x20 | Category: BINARY
Instruction at 0x401390 in routine: simulate_floating_point_instructions | movss xmm0, dword ptr [rip+0x2684] | Category: DATAXFER
Instruction at 0x401398 in routine: simulate_floating_point_instructions | movss dword ptr [rbp-0x4], xmm0 | Category: DATAXFER
Instruction at 0x40139d in routine: simulate_floating_point_instructions | movss xmm0, dword ptr [rip+0x267b] | Category: DATAXFER
Instruction at 0x4013a5 in routine: simulate_floating_point_instructions | movss dword ptr [rbp-0x8], xmm0 | Category: DATAXFER
Instruction at 0x4013aa in routine: simulate_floating_point_instructions | movsd xmm0, qword ptr [rip+0x2676] | Category: DATAXFER
Instruction at 0x4013b2 in routine: simulate_floating_point_instructions | movsd qword ptr [rbp-0x10], xmm0 | Category: DATAXFER
Instruction at 0x4013b7 in routine: simulate_floating_point_instructions | movsd xmm0, qword ptr [rip+0x2671] | Category: DATAXFER
Instruction at 0x4013bf in routine: simulate_floating_point_instructions | movsd qword ptr [rbp-0x18], xmm0 | Category: DATAXFER
Instruction at 0x4013c4 in routine: simulate_floating_point_instructions | mov edi, 0x403058 | Category: DATAXFER
Instruction at 0x4013c9 in routine: simulate_floating_point_instructions | call 0x401040 | Category: CALL
Instruction at 0x4013ce in routine: simulate_floating_point_instructions | movss xmm0, dword ptr [rbp-0x4] | Category: DATAXFER
Instruction at 0x4013d3 in routine: simulate_floating_point_instructions | addss xmm0, dword ptr [rbp-0x8] | Category: SSE
Instruction at 0x4013d8 in routine: simulate_floating_point_instructions | pxor xmm1, xmm1 | Category: LOGICAL
Instruction at 0x4013dc in routine: simulate_floating_point_instructions | cvtss2sd xmm1, xmm0 | Category: CONVERT
Instruction at 0x4013e0 in routine: simulate_floating_point_instructions | pxor xmm0, xmm0 | Category: LOGICAL
Instruction at 0x4013e4 in routine: simulate_floating_point_instructions | cvtss2sd xmm0, dword ptr [rbp-0x8] | Category: CONVERT
Instruction at 0x4013e9 in routine: simulate_floating_point_instructions | pxor xmm3, xmm3 | Category: LOGICAL
Instruction at 0x4013ed in routine: simulate_floating_point_instructions | cvtss2sd xmm3, dword ptr [rbp-0x4] | Category: CONVERT
Instruction at 0x4013f2 in routine: simulate_floating_point_instructions | movq rax, xmm3 | Category: DATAXFER
Instruction at 0x4013f7 in routine: simulate_floating_point_instructions | movapd xmm2, xmm1 | Category: DATAXFER
Instruction at 0x4013fb in routine: simulate_floating_point_instructions | movapd xmm1, xmm0 | Category: DATAXFER
Instruction at 0x4013ff in routine: simulate_floating_point_instructions | movq xmm0, rax | Category: DATAXFER
Instruction at 0x401404 in routine: simulate_floating_point_instructions | mov edi, 0x403090 | Category: DATAXFER
Instruction at 0x401409 in routine: simulate_floating_point_instructions | mov eax, 0x3 | Category: DATAXFER
Instruction at 0x40140e in routine: simulate_floating_point_instructions | call 0x4010a0 | Category: CALL
Instruction at 0x401413 in routine: simulate_floating_point_instructions | movss xmm0, dword ptr [rbp-0x4] | Category: DATAXFER
Instruction at 0x401418 in routine: simulate_floating_point_instructions | subss xmm0, dword ptr [rbp-0x8] | Category: SSE
Instruction at 0x40141d in routine: simulate_floating_point_instructions | pxor xmm1, xmm1 | Category: LOGICAL
Instruction at 0x401421 in routine: simulate_floating_point_instructions | cvtss2sd xmm1, xmm0 | Category: CONVERT
Instruction at 0x401425 in routine: simulate_floating_point_instructions | pxor xmm0, xmm0 | Category: LOGICAL
Instruction at 0x401429 in routine: simulate_floating_point_instructions | cvtss2sd xmm0, dword ptr [rbp-0x8] | Category: CONVERT
Instruction at 0x40142e in routine: simulate_floating_point_instructions | pxor xmm4, xmm4 | Category: LOGICAL
Instruction at 0x401432 in routine: simulate_floating_point_instructions | cvtss2sd xmm4, dword ptr [rbp-0x4] | Category: CONVERT
Instruction at 0x401437 in routine: simulate_floating_point_instructions | movq rax, xmm4 | Category: DATAXFER
Instruction at 0x40143c in routine: simulate_floating_point_instructions | movapd xmm2, xmm1 | Category: DATAXFER
Instruction at 0x401440 in routine: simulate_floating_point_instructions | movapd xmm1, xmm0 | Category: DATAXFER
Instruction at 0x401444 in routine: simulate_floating_point_instructions | movq xmm0, rax | Category: DATAXFER
Instruction at 0x401449 in routine: simulate_floating_point_instructions | mov edi, 0x4030c0 | Category: DATAXFER
Instruction at 0x40144e in routine: simulate_floating_point_instructions | mov eax, 0x3 | Category: DATAXFER
Instruction at 0x401453 in routine: simulate_floating_point_instructions | call 0x4010a0 | Category: CALL
Instruction at 0x401458 in routine: simulate_floating_point_instructions | movss xmm0, dword ptr [rbp-0x4] | Category: DATAXFER
Instruction at 0x40145d in routine: simulate_floating_point_instructions | mulss xmm0, dword ptr [rbp-0x8] | Category: SSE
Instruction at 0x401462 in routine: simulate_floating_point_instructions | pxor xmm1, xmm1 | Category: LOGICAL
Instruction at 0x401466 in routine: simulate_floating_point_instructions | cvtss2sd xmm1, xmm0 | Category: CONVERT
Instruction at 0x40146a in routine: simulate_floating_point_instructions | pxor xmm0, xmm0 | Category: LOGICAL
Instruction at 0x40146e in routine: simulate_floating_point_instructions | cvtss2sd xmm0, dword ptr [rbp-0x8] | Category: CONVERT
Instruction at 0x401473 in routine: simulate_floating_point_instructions | pxor xmm5, xmm5 | Category: LOGICAL
Instruction at 0x401477 in routine: simulate_floating_point_instructions | cvtss2sd xmm5, dword ptr [rbp-0x4] | Category: CONVERT
Instruction at 0x40147c in routine: simulate_floating_point_instructions | movq rax, xmm5 | Category: DATAXFER
Instruction at 0x401481 in routine: simulate_floating_point_instructions | movapd xmm2, xmm1 | Category: DATAXFER
Instruction at 0x401485 in routine: simulate_floating_point_instructions | movapd xmm1, xmm0 | Category: DATAXFER
Instruction at 0x401489 in routine: simulate_floating_point_instructions | movq xmm0, rax | Category: DATAXFER
Instruction at 0x40148e in routine: simulate_floating_point_instructions | mov edi, 0x4030f8 | Category: DATAXFER
Instruction at 0x401493 in routine: simulate_floating_point_instructions | mov eax, 0x3 | Category: DATAXFER
Instruction at 0x401498 in routine: simulate_floating_point_instructions | call 0x4010a0 | Category: CALL
Instruction at 0x40149d in routine: simulate_floating_point_instructions | movss xmm0, dword ptr [rbp-0x4] | Category: DATAXFER
Instruction at 0x4014a2 in routine: simulate_floating_point_instructions | divss xmm0, dword ptr [rbp-0x8] | Category: SSE
Instruction at 0x4014a7 in routine: simulate_floating_point_instructions | pxor xmm1, xmm1 | Category: LOGICAL
Instruction at 0x4014ab in routine: simulate_floating_point_instructions | cvtss2sd xmm1, xmm0 | Category: CONVERT
Instruction at 0x4014af in routine: simulate_floating_point_instructions | pxor xmm0, xmm0 | Category: LOGICAL
Instruction at 0x4014b3 in routine: simulate_floating_point_instructions | cvtss2sd xmm0, dword ptr [rbp-0x8] | Category: CONVERT
Instruction at 0x4014b8 in routine: simulate_floating_point_instructions | pxor xmm6, xmm6 | Category: LOGICAL
Instruction at 0x4014bc in routine: simulate_floating_point_instructions | cvtss2sd xmm6, dword ptr [rbp-0x4] | Category: CONVERT
Instruction at 0x4014c1 in routine: simulate_floating_point_instructions | movq rax, xmm6 | Category: DATAXFER
Instruction at 0x4014c6 in routine: simulate_floating_point_instructions | movapd xmm2, xmm1 | Category: DATAXFER
Instruction at 0x4014ca in routine: simulate_floating_point_instructions | movapd xmm1, xmm0 | Category: DATAXFER
Instruction at 0x4014ce in routine: simulate_floating_point_instructions | movq xmm0, rax | Category: DATAXFER
Instruction at 0x4014d3 in routine: simulate_floating_point_instructions | mov edi, 0x403130 | Category: DATAXFER
Instruction at 0x4014d8 in routine: simulate_floating_point_instructions | mov eax, 0x3 | Category: DATAXFER
Instruction at 0x4014dd in routine: simulate_floating_point_instructions | call 0x4010a0 | Category: CALL
Instruction at 0x4014e2 in routine: simulate_floating_point_instructions | mov eax, dword ptr [rbp-0x4] | Category: DATAXFER
Instruction at 0x4014e5 in routine: simulate_floating_point_instructions | movd xmm0, eax | Category: DATAXFER
Instruction at 0x4014e9 in routine: simulate_floating_point_instructions | call 0x401160 | Category: CALL
Instruction at 0x4014ee in routine: simulate_floating_point_instructions | cvtss2sd xmm0, xmm0 | Category: CONVERT
Instruction at 0x4014f2 in routine: simulate_floating_point_instructions | pxor xmm7, xmm7 | Category: LOGICAL
Instruction at 0x4014f6 in routine: simulate_floating_point_instructions | cvtss2sd xmm7, dword ptr [rbp-0x4] | Category: CONVERT
Instruction at 0x4014fb in routine: simulate_floating_point_instructions | movq rax, xmm7 | Category: DATAXFER
Instruction at 0x401500 in routine: simulate_floating_point_instructions | movapd xmm1, xmm0 | Category: DATAXFER
Instruction at 0x401504 in routine: simulate_floating_point_instructions | movq xmm0, rax | Category: DATAXFER
Instruction at 0x401509 in routine: simulate_floating_point_instructions | mov edi, 0x403168 | Category: DATAXFER
Instruction at 0x40150e in routine: simulate_floating_point_instructions | mov eax, 0x2 | Category: DATAXFER
Instruction at 0x401513 in routine: simulate_floating_point_instructions | call 0x4010a0 | Category: CALL
Instruction at 0x401518 in routine: simulate_floating_point_instructions | movss xmm0, dword ptr [rbp-0x4] | Category: DATAXFER
Instruction at 0x40151d in routine: simulate_floating_point_instructions | comiss xmm0, dword ptr [rbp-0x8] | Category: SSE
Instruction at 0x401521 in routine: simulate_floating_point_instructions | setnbe al | Category: SETCC
Instruction at 0x401524 in routine: simulate_floating_point_instructions | movzx edx, al | Category: DATAXFER
Instruction at 0x401527 in routine: simulate_floating_point_instructions | pxor xmm0, xmm0 | Category: LOGICAL
Instruction at 0x40152b in routine: simulate_floating_point_instructions | cvtss2sd xmm0, dword ptr [rbp-0x8] | Category: CONVERT
Instruction at 0x401530 in routine: simulate_floating_point_instructions | pxor xmm3, xmm3 | Category: LOGICAL
Instruction at 0x401534 in routine: simulate_floating_point_instructions | cvtss2sd xmm3, dword ptr [rbp-0x4] | Category: CONVERT
Instruction at 0x401539 in routine: simulate_floating_point_instructions | movq rax, xmm3 | Category: DATAXFER
Instruction at 0x40153e in routine: simulate_floating_point_instructions | mov esi, edx | Category: DATAXFER
Instruction at 0x401540 in routine: simulate_floating_point_instructions | movapd xmm1, xmm0 | Category: DATAXFER
Instruction at 0x401544 in routine: simulate_floating_point_instructions | movq xmm0, rax | Category: DATAXFER
Instruction at 0x401549 in routine: simulate_floating_point_instructions | mov edi, 0x4031a0 | Category: DATAXFER
Instruction at 0x40154e in routine: simulate_floating_point_instructions | mov eax, 0x2 | Category: DATAXFER
Instruction at 0x401553 in routine: simulate_floating_point_instructions | call 0x4010a0 | Category: CALL
Instruction at 0x401558 in routine: simulate_floating_point_instructions | movss xmm0, dword ptr [rbp-0x4] | Category: DATAXFER
Instruction at 0x40155d in routine: simulate_floating_point_instructions | ucomiss xmm0, dword ptr [rbp-0x8] | Category: SSE
Instruction at 0x401561 in routine: simulate_floating_point_instructions | setnp al | Category: SETCC
Instruction at 0x401564 in routine: simulate_floating_point_instructions | mov edx, 0x0 | Category: DATAXFER
Instruction at 0x401569 in routine: simulate_floating_point_instructions | movss xmm0, dword ptr [rbp-0x4] | Category: DATAXFER
Instruction at 0x40156e in routine: simulate_floating_point_instructions | ucomiss xmm0, dword ptr [rbp-0x8] | Category: SSE
Instruction at 0x401572 in routine: simulate_floating_point_instructions | cmovnz eax, edx | Category: CMOV
Instruction at 0x401575 in routine: simulate_floating_point_instructions | movzx edx, al | Category: DATAXFER
Instruction at 0x401578 in routine: simulate_floating_point_instructions | pxor xmm0, xmm0 | Category: LOGICAL
Instruction at 0x40157c in routine: simulate_floating_point_instructions | cvtss2sd xmm0, dword ptr [rbp-0x8] | Category: CONVERT
Instruction at 0x401581 in routine: simulate_floating_point_instructions | pxor xmm4, xmm4 | Category: LOGICAL
Instruction at 0x401585 in routine: simulate_floating_point_instructions | cvtss2sd xmm4, dword ptr [rbp-0x4] | Category: CONVERT
Instruction at 0x40158a in routine: simulate_floating_point_instructions | movq rax, xmm4 | Category: DATAXFER
Instruction at 0x40158f in routine: simulate_floating_point_instructions | mov esi, edx | Category: DATAXFER
Instruction at 0x401591 in routine: simulate_floating_point_instructions | movapd xmm1, xmm0 | Category: DATAXFER
Instruction at 0x401595 in routine: simulate_floating_point_instructions | movq xmm0, rax | Category: DATAXFER
Instruction at 0x40159a in routine: simulate_floating_point_instructions | mov edi, 0x4031d8 | Category: DATAXFER
Instruction at 0x40159f in routine: simulate_floating_point_instructions | mov eax, 0x2 | Category: DATAXFER
Instruction at 0x4015a4 in routine: simulate_floating_point_instructions | call 0x4010a0 | Category: CALL
Instruction at 0x4015a9 in routine: simulate_floating_point_instructions | movss xmm0, dword ptr [rbp-0x4] | Category: DATAXFER
Instruction at 0x4015ae in routine: simulate_floating_point_instructions | cvttss2si edx, xmm0 | Category: CONVERT
Instruction at 0x4015b2 in routine: simulate_floating_point_instructions | pxor xmm5, xmm5 | Category: LOGICAL
Instruction at 0x4015b6 in routine: simulate_floating_point_instructions | cvtss2sd xmm5, dword ptr [rbp-0x4] | Category: CONVERT
Instruction at 0x4015bb in routine: simulate_floating_point_instructions | movq rax, xmm5 | Category: DATAXFER
Instruction at 0x4015c0 in routine: simulate_floating_point_instructions | mov esi, edx | Category: DATAXFER
Instruction at 0x4015c2 in routine: simulate_floating_point_instructions | movq xmm0, rax | Category: DATAXFER
Instruction at 0x4015c7 in routine: simulate_floating_point_instructions | mov edi, 0x403210 | Category: DATAXFER
Instruction at 0x4015cc in routine: simulate_floating_point_instructions | mov eax, 0x1 | Category: DATAXFER
Instruction at 0x4015d1 in routine: simulate_floating_point_instructions | call 0x4010a0 | Category: CALL
Instruction at 0x4015d6 in routine: simulate_floating_point_instructions | movsd xmm0, qword ptr [rbp-0x10] | Category: DATAXFER
Instruction at 0x4015db in routine: simulate_floating_point_instructions | cvttsd2si eax, xmm0 | Category: CONVERT
Instruction at 0x4015df in routine: simulate_floating_point_instructions | pxor xmm0, xmm0 | Category: LOGICAL
Instruction at 0x4015e3 in routine: simulate_floating_point_instructions | cvtsi2ss xmm0, eax | Category: CONVERT
Instruction at 0x4015e7 in routine: simulate_floating_point_instructions | pxor xmm6, xmm6 | Category: LOGICAL
Instruction at 0x4015eb in routine: simulate_floating_point_instructions | cvtss2sd xmm6, xmm0 | Category: CONVERT
Instruction at 0x4015ef in routine: simulate_floating_point_instructions | movq rdx, xmm6 | Category: DATAXFER
Instruction at 0x4015f4 in routine: simulate_floating_point_instructions | movsd xmm0, qword ptr [rbp-0x10] | Category: DATAXFER
Instruction at 0x4015f9 in routine: simulate_floating_point_instructions | cvttsd2si eax, xmm0 | Category: CONVERT
Instruction at 0x4015fd in routine: simulate_floating_point_instructions | movq xmm0, rdx | Category: DATAXFER
Instruction at 0x401602 in routine: simulate_floating_point_instructions | mov esi, eax | Category: DATAXFER
Instruction at 0x401604 in routine: simulate_floating_point_instructions | mov edi, 0x403240 | Category: DATAXFER
Instruction at 0x401609 in routine: simulate_floating_point_instructions | mov eax, 0x1 | Category: DATAXFER
Instruction at 0x40160e in routine: simulate_floating_point_instructions | call 0x4010a0 | Category: CALL
Instruction at 0x401613 in routine: simulate_floating_point_instructions | movss xmm0, dword ptr [rbp-0x4] | Category: DATAXFER
Instruction at 0x401618 in routine: simulate_floating_point_instructions | movss xmm1, dword ptr [rip+0x2420] | Category: DATAXFER
Instruction at 0x401620 in routine: simulate_floating_point_instructions | andps xmm0, xmm1 | Category: LOGICAL_FP
Instruction at 0x401623 in routine: simulate_floating_point_instructions | pxor xmm2, xmm2 | Category: LOGICAL
Instruction at 0x401627 in routine: simulate_floating_point_instructions | cvtss2sd xmm2, xmm0 | Category: CONVERT
Instruction at 0x40162b in routine: simulate_floating_point_instructions | movss xmm0, dword ptr [rbp-0x4] | Category: DATAXFER
Instruction at 0x401630 in routine: simulate_floating_point_instructions | movss xmm1, dword ptr [rip+0x2418] | Category: DATAXFER
Instruction at 0x401638 in routine: simulate_floating_point_instructions | xorps xmm0, xmm1 | Category: LOGICAL_FP
Instruction at 0x40163b in routine: simulate_floating_point_instructions | pxor xmm7, xmm7 | Category: LOGICAL
Instruction at 0x40163f in routine: simulate_floating_point_instructions | cvtss2sd xmm7, xmm0 | Category: CONVERT
Instruction at 0x401643 in routine: simulate_floating_point_instructions | movq rax, xmm7 | Category: DATAXFER
Instruction at 0x401648 in routine: simulate_floating_point_instructions | movapd xmm1, xmm2 | Category: DATAXFER
Instruction at 0x40164c in routine: simulate_floating_point_instructions | movq xmm0, rax | Category: DATAXFER
Instruction at 0x401651 in routine: simulate_floating_point_instructions | mov edi, 0x403270 | Category: DATAXFER
Instruction at 0x401656 in routine: simulate_floating_point_instructions | mov eax, 0x2 | Category: DATAXFER
Instruction at 0x40165b in routine: simulate_floating_point_instructions | call 0x4010a0 | Category: CALL
Instruction at 0x401660 in routine: simulate_floating_point_instructions | movss xmm0, dword ptr [rbp-0x4] | Category: DATAXFER
Instruction at 0x401665 in routine: simulate_floating_point_instructions | movss xmm1, dword ptr [rip+0x23e3] | Category: DATAXFER
Instruction at 0x40166d in routine: simulate_floating_point_instructions | xorps xmm0, xmm1 | Category: LOGICAL_FP
Instruction at 0x401670 in routine: simulate_floating_point_instructions | cvtss2sd xmm0, xmm0 | Category: CONVERT
Instruction at 0x401674 in routine: simulate_floating_point_instructions | pxor xmm3, xmm3 | Category: LOGICAL
Instruction at 0x401678 in routine: simulate_floating_point_instructions | cvtss2sd xmm3, dword ptr [rbp-0x4] | Category: CONVERT
Instruction at 0x40167d in routine: simulate_floating_point_instructions | movq rax, xmm3 | Category: DATAXFER
Instruction at 0x401682 in routine: simulate_floating_point_instructions | movapd xmm1, xmm0 | Category: DATAXFER
Instruction at 0x401686 in routine: simulate_floating_point_instructions | movq xmm0, rax | Category: DATAXFER
Instruction at 0x40168b in routine: simulate_floating_point_instructions | mov edi, 0x4032a8 | Category: DATAXFER
Instruction at 0x401690 in routine: simulate_floating_point_instructions | mov eax, 0x2 | Category: DATAXFER
Instruction at 0x401695 in routine: simulate_floating_point_instructions | call 0x4010a0 | Category: CALL
Instruction at 0x40169a in routine: simulate_floating_point_instructions | movsd xmm0, qword ptr [rbp-0x18] | Category: DATAXFER
Instruction at 0x40169f in routine: simulate_floating_point_instructions | mov rax, qword ptr [rbp-0x10] | Category: DATAXFER
Instruction at 0x4016a3 in routine: simulate_floating_point_instructions | movapd xmm1, xmm0 | Category: DATAXFER
Instruction at 0x4016a7 in routine: simulate_floating_point_instructions | movq xmm0, rax | Category: DATAXFER
Instruction at 0x4016ac in routine: simulate_floating_point_instructions | call 0x4010d0 | Category: CALL
Instruction at 0x4016b1 in routine: simulate_floating_point_instructions | movq rdx, xmm0 | Category: DATAXFER
Instruction at 0x4016b6 in routine: simulate_floating_point_instructions | movsd xmm0, qword ptr [rbp-0x18] | Category: DATAXFER
Instruction at 0x4016bb in routine: simulate_floating_point_instructions | mov rax, qword ptr [rbp-0x10] | Category: DATAXFER
Instruction at 0x4016bf in routine: simulate_floating_point_instructions | movq xmm2, rdx | Category: DATAXFER
Instruction at 0x4016c4 in routine: simulate_floating_point_instructions | movapd xmm1, xmm0 | Category: DATAXFER
Instruction at 0x4016c8 in routine: simulate_floating_point_instructions | movq xmm0, rax | Category: DATAXFER
Instruction at 0x4016cd in routine: simulate_floating_point_instructions | mov edi, 0x4032d8 | Category: DATAXFER
Instruction at 0x4016d2 in routine: simulate_floating_point_instructions | mov eax, 0x3 | Category: DATAXFER
Instruction at 0x4016d7 in routine: simulate_floating_point_instructions | call 0x4010a0 | Category: CALL
Instruction at 0x4016dc in routine: simulate_floating_point_instructions | mov eax, dword ptr [rbp-0x4] | Category: DATAXFER
Instruction at 0x4016df in routine: simulate_floating_point_instructions | movd xmm0, eax | Category: DATAXFER
Instruction at 0x4016e3 in routine: simulate_floating_point_instructions | call 0x4010b0 | Category: CALL
Instruction at 0x4016e8 in routine: simulate_floating_point_instructions | cvtss2sd xmm0, xmm0 | Category: CONVERT
Instruction at 0x4016ec in routine: simulate_floating_point_instructions | pxor xmm4, xmm4 | Category: LOGICAL
Instruction at 0x4016f0 in routine: simulate_floating_point_instructions | cvtss2sd xmm4, dword ptr [rbp-0x4] | Category: CONVERT
Instruction at 0x4016f5 in routine: simulate_floating_point_instructions | movq rax, xmm4 | Category: DATAXFER
Instruction at 0x4016fa in routine: simulate_floating_point_instructions | movapd xmm1, xmm0 | Category: DATAXFER
Instruction at 0x4016fe in routine: simulate_floating_point_instructions | movq xmm0, rax | Category: DATAXFER
Instruction at 0x401703 in routine: simulate_floating_point_instructions | mov edi, 0x403318 | Category: DATAXFER
Instruction at 0x401708 in routine: simulate_floating_point_instructions | mov eax, 0x2 | Category: DATAXFER
Instruction at 0x40170d in routine: simulate_floating_point_instructions | call 0x4010a0 | Category: CALL
Instruction at 0x401712 in routine: simulate_floating_point_instructions | mov eax, dword ptr [rbp-0x4] | Category: DATAXFER
Instruction at 0x401715 in routine: simulate_floating_point_instructions | movd xmm0, eax | Category: DATAXFER
Instruction at 0x401719 in routine: simulate_floating_point_instructions | call 0x401030 | Category: CALL
Instruction at 0x40171e in routine: simulate_floating_point_instructions | cvtss2sd xmm0, xmm0 | Category: CONVERT
Instruction at 0x401722 in routine: simulate_floating_point_instructions | pxor xmm5, xmm5 | Category: LOGICAL
Instruction at 0x401726 in routine: simulate_floating_point_instructions | cvtss2sd xmm5, dword ptr [rbp-0x4] | Category: CONVERT
Instruction at 0x40172b in routine: simulate_floating_point_instructions | movq rax, xmm5 | Category: DATAXFER
Instruction at 0x401730 in routine: simulate_floating_point_instructions | movapd xmm1, xmm0 | Category: DATAXFER
Instruction at 0x401734 in routine: simulate_floating_point_instructions | movq xmm0, rax | Category: DATAXFER
Instruction at 0x401739 in routine: simulate_floating_point_instructions | mov edi, 0x403348 | Category: DATAXFER
Instruction at 0x40173e in routine: simulate_floating_point_instructions | mov eax, 0x2 | Category: DATAXFER
Instruction at 0x401743 in routine: simulate_floating_point_instructions | call 0x4010a0 | Category: CALL
Instruction at 0x401748 in routine: simulate_floating_point_instructions | mov eax, dword ptr [rbp-0x4] | Category: DATAXFER
Instruction at 0x40174b in routine: simulate_floating_point_instructions | movd xmm0, eax | Category: DATAXFER
Instruction at 0x40174f in routine: simulate_floating_point_instructions | call 0x401120 | Category: CALL
Instruction at 0x401754 in routine: simulate_floating_point_instructions | cvtss2sd xmm0, xmm0 | Category: CONVERT
Instruction at 0x401758 in routine: simulate_floating_point_instructions | pxor xmm6, xmm6 | Category: LOGICAL
Instruction at 0x40175c in routine: simulate_floating_point_instructions | cvtss2sd xmm6, dword ptr [rbp-0x4] | Category: CONVERT
Instruction at 0x401761 in routine: simulate_floating_point_instructions | movq rax, xmm6 | Category: DATAXFER
Instruction at 0x401766 in routine: simulate_floating_point_instructions | movapd xmm1, xmm0 | Category: DATAXFER
Instruction at 0x40176a in routine: simulate_floating_point_instructions | movq xmm0, rax | Category: DATAXFER
Instruction at 0x40176f in routine: simulate_floating_point_instructions | mov edi, 0x403378 | Category: DATAXFER
Instruction at 0x401774 in routine: simulate_floating_point_instructions | mov eax, 0x2 | Category: DATAXFER
Instruction at 0x401779 in routine: simulate_floating_point_instructions | call 0x4010a0 | Category: CALL
Instruction at 0x40177e in routine: simulate_floating_point_instructions | mov eax, dword ptr [rbp-0x4] | Category: DATAXFER
Instruction at 0x401781 in routine: simulate_floating_point_instructions | movd xmm0, eax | Category: DATAXFER
Instruction at 0x401785 in routine: simulate_floating_point_instructions | call 0x401050 | Category: CALL
Instruction at 0x40178a in routine: simulate_floating_point_instructions | cvtss2sd xmm0, xmm0 | Category: CONVERT
Instruction at 0x40178e in routine: simulate_floating_point_instructions | pxor xmm7, xmm7 | Category: LOGICAL
Instruction at 0x401792 in routine: simulate_floating_point_instructions | cvtss2sd xmm7, dword ptr [rbp-0x4] | Category: CONVERT
Instruction at 0x401797 in routine: simulate_floating_point_instructions | movq rax, xmm7 | Category: DATAXFER
Instruction at 0x40179c in routine: simulate_floating_point_instructions | movapd xmm1, xmm0 | Category: DATAXFER
Instruction at 0x4017a0 in routine: simulate_floating_point_instructions | movq xmm0, rax | Category: DATAXFER
Instruction at 0x4017a5 in routine: simulate_floating_point_instructions | mov edi, 0x4033a8 | Category: DATAXFER
Instruction at 0x4017aa in routine: simulate_floating_point_instructions | mov eax, 0x2 | Category: DATAXFER
Instruction at 0x4017af in routine: simulate_floating_point_instructions | call 0x4010a0 | Category: CALL
Instruction at 0x4017b4 in routine: simulate_floating_point_instructions | mov eax, dword ptr [rbp-0x4] | Category: DATAXFER
Instruction at 0x4017b7 in routine: simulate_floating_point_instructions | movd xmm0, eax | Category: DATAXFER
Instruction at 0x4017bb in routine: simulate_floating_point_instructions | call 0x4010f0 | Category: CALL
Instruction at 0x4017c0 in routine: simulate_floating_point_instructions | cvtss2sd xmm0, xmm0 | Category: CONVERT
Instruction at 0x4017c4 in routine: simulate_floating_point_instructions | pxor xmm3, xmm3 | Category: LOGICAL
Instruction at 0x4017c8 in routine: simulate_floating_point_instructions | cvtss2sd xmm3, dword ptr [rbp-0x4] | Category: CONVERT
Instruction at 0x4017cd in routine: simulate_floating_point_instructions | movq rax, xmm3 | Category: DATAXFER
Instruction at 0x4017d2 in routine: simulate_floating_point_instructions | movapd xmm1, xmm0 | Category: DATAXFER
Instruction at 0x4017d6 in routine: simulate_floating_point_instructions | movq xmm0, rax | Category: DATAXFER
Instruction at 0x4017db in routine: simulate_floating_point_instructions | mov edi, 0x4033e0 | Category: DATAXFER
Instruction at 0x4017e0 in routine: simulate_floating_point_instructions | mov eax, 0x2 | Category: DATAXFER
Instruction at 0x4017e5 in routine: simulate_floating_point_instructions | call 0x4010a0 | Category: CALL
Instruction at 0x4017ea in routine: simulate_floating_point_instructions | mov eax, dword ptr [rbp-0x4] | Category: DATAXFER
Instruction at 0x4017ed in routine: simulate_floating_point_instructions | movd xmm0, eax | Category: DATAXFER
Instruction at 0x4017f1 in routine: simulate_floating_point_instructions | call 0x401130 | Category: CALL
Instruction at 0x4017f6 in routine: simulate_floating_point_instructions | cvtss2sd xmm0, xmm0 | Category: CONVERT
Instruction at 0x4017fa in routine: simulate_floating_point_instructions | pxor xmm4, xmm4 | Category: LOGICAL
Instruction at 0x4017fe in routine: simulate_floating_point_instructions | cvtss2sd xmm4, dword ptr [rbp-0x4] | Category: CONVERT
Instruction at 0x401803 in routine: simulate_floating_point_instructions | movq rax, xmm4 | Category: DATAXFER
Instruction at 0x401808 in routine: simulate_floating_point_instructions | movapd xmm1, xmm0 | Category: DATAXFER
Instruction at 0x40180c in routine: simulate_floating_point_instructions | movq xmm0, rax | Category: DATAXFER
Instruction at 0x401811 in routine: simulate_floating_point_instructions | mov edi, 0x403418 | Category: DATAXFER
Instruction at 0x401816 in routine: simulate_floating_point_instructions | mov eax, 0x2 | Category: DATAXFER
Instruction at 0x40181b in routine: simulate_floating_point_instructions | call 0x4010a0 | Category: CALL
Instruction at 0x401820 in routine: simulate_floating_point_instructions | movss xmm0, dword ptr [rbp-0x8] | Category: DATAXFER
Instruction at 0x401825 in routine: simulate_floating_point_instructions | mov eax, dword ptr [rbp-0x4] | Category: DATAXFER
Instruction at 0x401828 in routine: simulate_floating_point_instructions | movaps xmm1, xmm0 | Category: DATAXFER
Instruction at 0x40182b in routine: simulate_floating_point_instructions | movd xmm0, eax | Category: DATAXFER
Instruction at 0x40182f in routine: simulate_floating_point_instructions | call 0x401190 | Category: CALL
Instruction at 0x401834 in routine: simulate_floating_point_instructions | pxor xmm1, xmm1 | Category: LOGICAL
Instruction at 0x401838 in routine: simulate_floating_point_instructions | cvtss2sd xmm1, xmm0 | Category: CONVERT
Instruction at 0x40183c in routine: simulate_floating_point_instructions | pxor xmm0, xmm0 | Category: LOGICAL
Instruction at 0x401840 in routine: simulate_floating_point_instructions | cvtss2sd xmm0, dword ptr [rbp-0x8] | Category: CONVERT
Instruction at 0x401845 in routine: simulate_floating_point_instructions | pxor xmm5, xmm5 | Category: LOGICAL
Instruction at 0x401849 in routine: simulate_floating_point_instructions | cvtss2sd xmm5, dword ptr [rbp-0x4] | Category: CONVERT
Instruction at 0x40184e in routine: simulate_floating_point_instructions | movq rax, xmm5 | Category: DATAXFER
Instruction at 0x401853 in routine: simulate_floating_point_instructions | movapd xmm2, xmm1 | Category: DATAXFER
Instruction at 0x401857 in routine: simulate_floating_point_instructions | movapd xmm1, xmm0 | Category: DATAXFER
Instruction at 0x40185b in routine: simulate_floating_point_instructions | movq xmm0, rax | Category: DATAXFER
Instruction at 0x401860 in routine: simulate_floating_point_instructions | mov edi, 0x403458 | Category: DATAXFER
Instruction at 0x401865 in routine: simulate_floating_point_instructions | mov eax, 0x3 | Category: DATAXFER
Instruction at 0x40186a in routine: simulate_floating_point_instructions | call 0x4010a0 | Category: CALL
Instruction at 0x40186f in routine: simulate_floating_point_instructions | movss xmm0, dword ptr [rip+0x21e9] | Category: DATAXFER
Instruction at 0x401877 in routine: simulate_floating_point_instructions | divss xmm0, dword ptr [rbp-0x4] | Category: SSE
Instruction at 0x40187c in routine: simulate_floating_point_instructions | cvtss2sd xmm0, xmm0 | Category: CONVERT
Instruction at 0x401880 in routine: simulate_floating_point_instructions | pxor xmm6, xmm6 | Category: LOGICAL
Instruction at 0x401884 in routine: simulate_floating_point_instructions | cvtss2sd xmm6, dword ptr [rbp-0x4] | Category: CONVERT
Instruction at 0x401889 in routine: simulate_floating_point_instructions | movq rax, xmm6 | Category: DATAXFER
Instruction at 0x40188e in routine: simulate_floating_point_instructions | movapd xmm1, xmm0 | Category: DATAXFER
Instruction at 0x401892 in routine: simulate_floating_point_instructions | movq xmm0, rax | Category: DATAXFER
Instruction at 0x401897 in routine: simulate_floating_point_instructions | mov edi, 0x403490 | Category: DATAXFER
Instruction at 0x40189c in routine: simulate_floating_point_instructions | mov eax, 0x2 | Category: DATAXFER
Instruction at 0x4018a1 in routine: simulate_floating_point_instructions | call 0x4010a0 | Category: CALL
Instruction at 0x4018a6 in routine: simulate_floating_point_instructions | mov eax, dword ptr [rip+0x21b8] | Category: DATAXFER
Instruction at 0x4018ac in routine: simulate_floating_point_instructions | movd xmm0, eax | Category: DATAXFER
Instruction at 0x4018b0 in routine: simulate_floating_point_instructions | call 0x401160 | Category: CALL
Instruction at 0x4018b5 in routine: simulate_floating_point_instructions | movd eax, xmm0 | Category: DATAXFER
Instruction at 0x4018b9 in routine: simulate_floating_point_instructions | mov dword ptr [rbp-0x1c], eax | Category: DATAXFER
Instruction at 0x4018bc in routine: simulate_floating_point_instructions | movss xmm0, dword ptr [rip+0x219c] | Category: DATAXFER
Instruction at 0x4018c4 in routine: simulate_floating_point_instructions | pxor xmm1, xmm1 | Category: LOGICAL
Instruction at 0x4018c8 in routine: simulate_floating_point_instructions | divss xmm0, xmm1 | Category: SSE
Instruction at 0x4018cc in routine: simulate_floating_point_instructions | movss dword ptr [rbp-0x20], xmm0 | Category: DATAXFER
Instruction at 0x4018d1 in routine: simulate_floating_point_instructions | movss xmm0, dword ptr [rbp-0x1c] | Category: DATAXFER
Instruction at 0x4018d6 in routine: simulate_floating_point_instructions | ucomiss xmm0, dword ptr [rbp-0x1c] | Category: SSE
Instruction at 0x4018da in routine: simulate_floating_point_instructions | setp al | Category: SETCC
Instruction at 0x4018dd in routine: simulate_floating_point_instructions | movzx edx, al | Category: DATAXFER
Instruction at 0x4018e0 in routine: simulate_floating_point_instructions | pxor xmm7, xmm7 | Category: LOGICAL
Instruction at 0x4018e4 in routine: simulate_floating_point_instructions | cvtss2sd xmm7, dword ptr [rbp-0x1c] | Category: CONVERT
Instruction at 0x4018e9 in routine: simulate_floating_point_instructions | movq rax, xmm7 | Category: DATAXFER
Instruction at 0x4018ee in routine: simulate_floating_point_instructions | mov esi, edx | Category: DATAXFER
Instruction at 0x4018f0 in routine: simulate_floating_point_instructions | movq xmm0, rax | Category: DATAXFER
Instruction at 0x4018f5 in routine: simulate_floating_point_instructions | mov edi, 0x4034c8 | Category: DATAXFER
Instruction at 0x4018fa in routine: simulate_floating_point_instructions | mov eax, 0x1 | Category: DATAXFER
Instruction at 0x4018ff in routine: simulate_floating_point_instructions | call 0x4010a0 | Category: CALL
Instruction at 0x401904 in routine: simulate_floating_point_instructions | movss xmm0, dword ptr [rbp-0x20] | Category: DATAXFER
Instruction at 0x401909 in routine: simulate_floating_point_instructions | movss xmm1, dword ptr [rip+0x212f] | Category: DATAXFER
Instruction at 0x401911 in routine: simulate_floating_point_instructions | andps xmm0, xmm1 | Category: LOGICAL_FP
Instruction at 0x401914 in routine: simulate_floating_point_instructions | ucomiss xmm0, dword ptr [rip+0x214d] | Category: SSE
Instruction at 0x40191b in routine: simulate_floating_point_instructions | jnbe 0x401924 | Category: COND_BR
Instruction at 0x40191d in routine: simulate_floating_point_instructions | mov eax, 0x0 | Category: DATAXFER
Instruction at 0x401922 in routine: simulate_floating_point_instructions | jmp 0x40193c | Category: UNCOND_BR
Instruction at 0x401924 in routine: simulate_floating_point_instructions | mov eax, dword ptr [rbp-0x20] | Category: DATAXFER
Instruction at 0x401927 in routine: simulate_floating_point_instructions | and eax, 0x80000000 | Category: LOGICAL
Instruction at 0x40192c in routine: simulate_floating_point_instructions | test eax, eax | Category: LOGICAL
Instruction at 0x40192e in routine: simulate_floating_point_instructions | jz 0x401937 | Category: COND_BR
Instruction at 0x401930 in routine: simulate_floating_point_instructions | mov eax, 0xffffffff | Category: DATAXFER
Instruction at 0x401935 in routine: simulate_floating_point_instructions | jmp 0x40193c | Category: UNCOND_BR
Instruction at 0x401937 in routine: simulate_floating_point_instructions | mov eax, 0x1 | Category: DATAXFER
Instruction at 0x40193c in routine: simulate_floating_point_instructions | pxor xmm2, xmm2 | Category: LOGICAL
Instruction at 0x401940 in routine: simulate_floating_point_instructions | cvtss2sd xmm2, dword ptr [rbp-0x20] | Category: CONVERT
Instruction at 0x401945 in routine: simulate_floating_point_instructions | movq rdx, xmm2 | Category: DATAXFER
Instruction at 0x40194a in routine: simulate_floating_point_instructions | mov esi, eax | Category: DATAXFER
Instruction at 0x40194c in routine: simulate_floating_point_instructions | movq xmm0, rdx | Category: DATAXFER
Instruction at 0x401951 in routine: simulate_floating_point_instructions | mov edi, 0x4034f0 | Category: DATAXFER
Instruction at 0x401956 in routine: simulate_floating_point_instructions | mov eax, 0x1 | Category: DATAXFER
Instruction at 0x40195b in routine: simulate_floating_point_instructions | call 0x4010a0 | Category: CALL
Instruction at 0x401960 in routine: simulate_floating_point_instructions | nop | Category: NOP
Instruction at 0x401961 in routine: simulate_floating_point_instructions | leave  | Category: MISC
Instruction at 0x401962 in routine: simulate_floating_point_instructions | ret  | Category: RET
Instruction at 0x4021d8 in routine: main | mov eax, 0x0 | Category: DATAXFER
Instruction at 0x4021dd in routine: main | pop rbp | Category: POP
Instruction at 0x4021de in routine: main | ret  | Category: RET
Instruction at 0x4012f0 in routine: __do_global_dtors_aux | nop edx, edi | Category: WIDENOP
Instruction at 0x4012f4 in routine: __do_global_dtors_aux | cmp byte ptr [rip+0x3e2d], 0x0 | Category: BINARY
Instruction at 0x4012fb in routine: __do_global_dtors_aux | jnz 0x401310 | Category: COND_BR
Instruction at 0x4012fd in routine: __do_global_dtors_aux | push rbp | Category: PUSH
Instruction at 0x4012fe in routine: __do_global_dtors_aux | mov rbp, rsp | Category: DATAXFER
Instruction at 0x401301 in routine: __do_global_dtors_aux | call 0x401280 | Category: CALL
Instruction at 0x401280 in routine: deregister_tm_clones | lea rdi, ptr [rip+0x3ea1] | Category: MISC
Instruction at 0x401287 in routine: deregister_tm_clones | lea rax, ptr [rip+0x3e9a] | Category: MISC
Instruction at 0x40128e in routine: deregister_tm_clones | cmp rax, rdi | Category: BINARY
Instruction at 0x401291 in routine: deregister_tm_clones | jz 0x4012a8 | Category: COND_BR
Instruction at 0x401293 in routine: deregister_tm_clones | mov rax, qword ptr [rip+0x3d4e] | Category: DATAXFER
Instruction at 0x40129a in routine: deregister_tm_clones | test rax, rax | Category: LOGICAL
Instruction at 0x40129d in routine: deregister_tm_clones | jz 0x4012a8 | Category: COND_BR
Instruction at 0x40129f in routine: deregister_tm_clones | jmp rax | Category: UNCOND_BR
Instruction at 0x4012a8 in routine: deregister_tm_clones | ret  | Category: RET
Instruction at 0x401306 in routine: __do_global_dtors_aux | mov byte ptr [rip+0x3e1b], 0x1 | Category: DATAXFER
Instruction at 0x40130d in routine: __do_global_dtors_aux | pop rbp | Category: POP
Instruction at 0x40130e in routine: __do_global_dtors_aux | ret  | Category: RET
